11:07:14.326 [main                     ] DEBUG Logger               - Configured Logger
11:07:14.345 [main                     ] DEBUG GameApplication      - Logging settings
Title: its a Fucking Game
Version: 0.69
Width: 800
Height: 800
Fullscreen: false
Intro: false
Profiling: false
Single step:false
App Mode: DEVELOPER
Menu Key: ESCAPE
Stage Style: DECORATED
Scene Factory: class com.almasb.fxgl.app.scene.SceneFactory

11:07:15.053 [JavaFX Application Thread] DEBUG FXGLApplication      - Initializing FXGL
11:07:15.057 [JavaFX Application Thread] INFO  Engine               - FXGL-11.14 (01.03.2021 16.59) on WINDOWS (J:15.0.2 FX:15)
11:07:15.057 [JavaFX Application Thread] DEBUG Engine               - JRE Vendor Name: Oracle Corporation
11:07:15.057 [JavaFX Application Thread] DEBUG Engine               - Running on OS: Windows 10 version 10.0
11:07:15.057 [JavaFX Application Thread] DEBUG Engine               - Architecture: amd64
11:07:15.057 [JavaFX Application Thread] INFO  Engine               - Source code and latest versions at: https://github.com/AlmasB/FXGL
11:07:15.058 [JavaFX Application Thread] INFO  Engine               -              Join the FXGL chat at: https://gitter.im/AlmasB/FXGL
11:07:15.215 [JavaFX Application Thread] DEBUG PrimaryStageWindow   - Creating a JavaFX scene
11:07:15.279 [JavaFX Application Thread] DEBUG PrimaryStageWindow   - Target settings size: 800.0 x 800.0
11:07:15.279 [JavaFX Application Thread] DEBUG PrimaryStageWindow   - Scaled scene size:    800.0 x 800.0
11:07:15.279 [JavaFX Application Thread] DEBUG PrimaryStageWindow   - Scaled ratio: (1.0, 1.0)
11:07:15.280 [JavaFX Application Thread] DEBUG PrimaryStageWindow   - Set initial scene to FXGLStartupScene
11:07:15.291 [JavaFX Application Thread] DEBUG PrimaryStageWindow   - Opening main window
11:07:15.409 [JavaFX Application Thread] DEBUG PrimaryStageWindow   - Window border size: (16.0, 39.0)
11:07:15.409 [JavaFX Application Thread] DEBUG PrimaryStageWindow   - Scaled size: 800.0 x 800.0
11:07:15.409 [JavaFX Application Thread] DEBUG PrimaryStageWindow   - Scaled ratio: (1.0, 1.0)
11:07:15.410 [JavaFX Application Thread] DEBUG PrimaryStageWindow   - Scene size: 800.0 x 800.0
11:07:15.410 [JavaFX Application Thread] DEBUG PrimaryStageWindow   - Stage size: 816.0 x 839.0
11:07:15.421 [FXGL Background Thread 1 ] DEBUG Engine               - Initializing environment variables
11:07:15.457 [FXGL Background Thread 1 ] DEBUG FXGLAssetLoaderServi - User app class for loading assets: class Game
11:07:15.457 [FXGL Background Thread 1 ] DEBUG GameApplicationServi - Applying CSS: fxgl_dark.css
11:07:15.458 [FXGL Background Thread 1 ] DEBUG FXGLAssetLoaderServi - Loading from file system: jar:file:/C:/Users/Koning%20Max/.m2/repository/com/github/almasb/fxgl/11.14/fxgl-11.14.jar!/fxglassets/ui/css/fxgl_dark.css
11:07:15.506 [FXGL Background Thread 1 ] DEBUG GameApplicationServi - Initializing application scenes
11:07:15.541 [FXGL Background Thread 1 ] DEBUG GameWorld            - Game world initialized
11:07:15.607 [FXGL Background Thread 1 ] DEBUG PhysicsWorld         - Physics world initialized: appHeight=800, physics.ppm=50.0
11:07:15.607 [FXGL Background Thread 1 ] DEBUG PhysicsWorld         - Using strategy: BRUTE_FORCE
11:07:15.610 [FXGL Background Thread 1 ] DEBUG GameScene            - Game scene initialized: 800x800
11:07:15.647 [FXGL Background Thread 1 ] DEBUG FXGLAssetLoaderServi - Loading from file system: jar:file:/C:/Users/Koning%20Max/.m2/repository/com/github/almasb/fxgl/11.14/fxgl-11.14.jar!/fxglassets/textures/particles/trace_horizontal.png
11:07:15.704 [FXGL Background Thread 1 ] DEBUG FXGL.DefaultMenu     - createMenuBodyGameMenu()
11:07:15.723 [FXGL Background Thread 1 ] DEBUG FXGL.DefaultMenu     - createOptionsMenu()
11:07:15.728 [FXGL Background Thread 1 ] DEBUG FXGLAssetLoaderServi - Loading from file system: jar:file:/C:/Users/Koning%20Max/.m2/repository/com/github/almasb/fxgl/11.14/fxgl-11.14.jar!/fxglassets/textures/particles/smoke.png
11:07:15.779 [FXGL Background Thread 1 ] DEBUG GameApplicationServi - Application scenes initialized
11:07:15.792 [FXGL Background Thread 1 ] DEBUG SystemBundleService  - Loading FXGL system data
11:07:15.795 [FXGL Background Thread 1 ] DEBUG FileSystemAccess     - Reading from: C:\Users\Koning Max\IdeaProjects\IPOSE_CHALLENGE-WEEK\system\fxgl.bundle
11:07:15.800 [FXGL Background Thread 1 ] DEBUG SystemBundleService  - Bundle FXGL: {}
11:07:15.801 [FXGL Background Thread 1 ] DEBUG UpdaterService       - Checking for updates
11:07:15.805 [FXGL Background Thread 4 ] DEBUG FXGLApplication      - Loading fonts
11:07:15.806 [FXGL Background Thread 1 ] DEBUG FXGLApplication      - Loading default localization
11:07:15.806 [FXGL Background Thread 4 ] DEBUG FXGLAssetLoaderServi - Loading from file system: jar:file:/C:/Users/Koning%20Max/.m2/repository/com/github/almasb/fxgl/11.14/fxgl-11.14.jar!/fxglassets/ui/fonts/VarelaRound-Regular.ttf
11:07:15.806 [FXGL Background Thread 1 ] DEBUG FXGLAssetLoaderServi - Loading from file system: jar:file:/C:/Users/Koning%20Max/.m2/repository/com/github/almasb/fxgl/11.14/fxgl-11.14.jar!/fxglassets/languages/english.lang
11:07:15.824 [FXGL Background Thread 1 ] INFO  FXGLApplication      - FXGL initialization took: 0.403 sec
11:07:15.836 [JavaFX Application Thread] DEBUG Input                - Registered new binding: action0 - D
11:07:15.837 [JavaFX Application Thread] DEBUG Input                - Registered new binding: action1 - A
11:07:15.837 [JavaFX Application Thread] DEBUG Input                - Registered new binding: action2 - W
11:07:15.837 [JavaFX Application Thread] DEBUG Input                - Registered new binding: action3 - S
11:07:15.838 [JavaFX Application Thread] DEBUG FXGLAssetLoaderServi - Loading from file system: jar:file:/C:/Users/Koning%20Max/.m2/repository/com/github/almasb/fxgl/11.14/fxgl-11.14.jar!/fxglassets/textures/fxgl_icon.png
11:07:15.866 [JavaFX Application Thread] DEBUG FXGLAssetLoaderServi - Loading from file system: jar:file:/C:/Users/Koning%20Max/.m2/repository/com/github/almasb/fxgl/11.14/fxgl-11.14.jar!/fxglassets/ui/cursors/fxgl_default.png
11:07:15.869 [JavaFX Application Thread] DEBUG Input                - Registered new binding: Screenshot - P
11:07:15.870 [JavaFX Application Thread] DEBUG Input                - Registered new binding: System info dump - CTRL+9
11:07:15.870 [JavaFX Application Thread] DEBUG Input                - Registered new binding: Restart - CTRL+R
11:07:15.871 [JavaFX Application Thread] DEBUG Input                - Registered new binding: Toggle Debug Camera - CTRL+C
11:07:15.874 [JavaFX Application Thread] DEBUG LoopRunner           - Starting loop
11:07:15.875 [JavaFX Application Thread] DEBUG LoopRunner           - Initializing JavaFX AnimationTimerLoop
11:07:15.877 [JavaFX Application Thread] DEBUG GameApplicationServi - Starting new game
11:07:15.878 [JavaFX Application Thread] DEBUG Input                - Clearing active input actions
11:07:15.894 [JavaFX Application Thread] DEBUG GameApplicationServi - Removing overlay from FXGLStartupScene and adding to FXGLLoadingScene
11:07:15.894 [JavaFX Application Thread] DEBUG PrimaryStageWindow   - FXGLStartupScene -> FXGLLoadingScene
11:07:15.895 [JavaFX Application Thread] DEBUG GameApplicationServi - Clearing previous game
11:07:15.895 [JavaFX Application Thread] DEBUG GameScene            - Clearing game scene
11:07:15.896 [JavaFX Application Thread] DEBUG GameWorld            - Clearing game world
11:07:15.896 [JavaFX Application Thread] DEBUG PhysicsWorld         - Clearing physics world
11:07:15.898 [FXGL Background Thread 1 ] DEBUG FXGLApplication      - Initializing game
11:07:15.902 [FXGL Background Thread 1 ] DEBUG FXGLAssetLoaderServi - Loading from file system: file:/C:/Users/Koning%20Max/IdeaProjects/IPOSE_CHALLENGE-WEEK/target/classes/assets/textures/dude.png
11:07:15.927 [FXGL Background Thread 1 ] INFO  FXGLApplication      - Game initialization took: 0.028 sec
11:07:15.944 [FXGL Background Thread 4 ] DEBUG FXGLAssetLoaderServi - Loading from file system: jar:file:/C:/Users/Koning%20Max/.m2/repository/com/github/almasb/fxgl/11.14/fxgl-11.14.jar!/fxglassets/ui/fonts/Abel-Regular.ttf
11:07:15.949 [JavaFX Application Thread] DEBUG Input                - Clearing active input actions
11:07:15.953 [FXGL Background Thread 4 ] DEBUG FXGLAssetLoaderServi - Loading from file system: jar:file:/C:/Users/Koning%20Max/.m2/repository/com/github/almasb/fxgl/11.14/fxgl-11.14.jar!/fxglassets/ui/fonts/lucida_console.ttf
11:07:15.962 [JavaFX Application Thread] DEBUG GameApplicationServi - Removing overlay from FXGLLoadingScene and adding to GameScene
11:07:15.962 [FXGL Background Thread 4 ] DEBUG FXGLAssetLoaderServi - Loading from file system: jar:file:/C:/Users/Koning%20Max/.m2/repository/com/github/almasb/fxgl/11.14/fxgl-11.14.jar!/fxglassets/ui/fonts/Courier-Prime.ttf
11:07:15.963 [JavaFX Application Thread] DEBUG PrimaryStageWindow   - FXGLLoadingScene -> GameScene
11:07:16.050 [JavaFX Application Thread] DEBUG FXGLApplication      - Registering font factories with UI factory
11:07:18.804 [FXGL Background Thread 3 ] DEBUG Engine               - Logging environment variables
11:07:18.805 [FXGL Background Thread 3 ] DEBUG Engine               - achievements: []
11:07:18.805 [FXGL Background Thread 3 ] DEBUG Engine               - actualHeight: 800.0
11:07:18.805 [FXGL Background Thread 3 ] DEBUG Engine               - actualHeightProperty: ReadOnlyDoubleProperty [value: 800.0]
11:07:18.805 [FXGL Background Thread 3 ] DEBUG Engine               - actualWidth: 800.0
11:07:18.805 [FXGL Background Thread 3 ] DEBUG Engine               - actualWidthProperty: ReadOnlyDoubleProperty [value: 800.0]
11:07:18.805 [FXGL Background Thread 3 ] DEBUG Engine               - appIcon: fxgl_icon.png
11:07:18.806 [FXGL Background Thread 3 ] DEBUG Engine               - applicationMode: DEVELOPER
11:07:18.806 [FXGL Background Thread 3 ] DEBUG Engine               - cSSList: [fxgl_dark.css]
11:07:18.806 [FXGL Background Thread 3 ] DEBUG Engine               - collisionDetectionStrategy: BRUTE_FORCE
11:07:18.806 [FXGL Background Thread 3 ] DEBUG Engine               - configClass: Optional.empty
11:07:18.806 [FXGL Background Thread 3 ] DEBUG Engine               - credits: []
11:07:18.806 [FXGL Background Thread 3 ] DEBUG Engine               - devBBoxColorProperty: ObjectProperty [value: 0xff0000ff]
11:07:18.807 [FXGL Background Thread 3 ] DEBUG Engine               - devEnableDebugCameraProperty: BooleanProperty [value: false]
11:07:18.807 [FXGL Background Thread 3 ] DEBUG Engine               - devSensorColorProperty: ObjectProperty [value: 0xffff00ff]
11:07:18.807 [FXGL Background Thread 3 ] DEBUG Engine               - devShowBBoxProperty: BooleanProperty [value: false]
11:07:18.807 [FXGL Background Thread 3 ] DEBUG Engine               - devShowPositionProperty: BooleanProperty [value: false]
11:07:18.807 [FXGL Background Thread 3 ] DEBUG Engine               - enabledMenuItems: []
11:07:18.807 [FXGL Background Thread 3 ] DEBUG Engine               - engineServices: [class com.almasb.fxgl.app.services.FXGLAssetLoaderService, class com.almasb.fxgl.app.FXGLApplication$GameApplicationService, class com.almasb.fxgl.app.services.FXGLDialogService, class com.almasb.fxgl.app.services.IOTaskExecutorService, class com.almasb.fxgl.event.EventBusService, class com.almasb.fxgl.io.FileSystemService, class com.almasb.fxgl.localization.LocalizationService, class com.almasb.fxgl.app.services.SystemBundleService, class com.almasb.fxgl.profile.SaveLoadService, class com.almasb.fxgl.ui.FXGLUIFactoryServiceProvider, class com.almasb.fxgl.ui.FXGLDialogFactoryServiceProvider, class com.almasb.fxgl.audio.AudioPlayer, class com.almasb.fxgl.notification.impl.NotificationServiceProvider, class com.almasb.fxgl.achievement.AchievementService, class com.almasb.fxgl.cutscene.CutsceneService, class com.almasb.fxgl.minigames.MiniGameService, class com.almasb.fxgl.net.NetService, class com.almasb.fxgl.app.services.UpdaterService, class com.almasb.fxgl.dev.DevService]
11:07:18.808 [FXGL Background Thread 3 ] DEBUG Engine               - fontGame: Abel-Regular.ttf
11:07:18.808 [FXGL Background Thread 3 ] DEBUG Engine               - fontMono: lucida_console.ttf
11:07:18.808 [FXGL Background Thread 3 ] DEBUG Engine               - fontText: Courier-Prime.ttf
11:07:18.808 [FXGL Background Thread 3 ] DEBUG Engine               - fontUI: VarelaRound-Regular.ttf
11:07:18.808 [FXGL Background Thread 3 ] DEBUG Engine               - fullScreen: BooleanProperty [value: false]
11:07:18.808 [FXGL Background Thread 3 ] DEBUG Engine               - gameDifficulty: MEDIUM
11:07:18.808 [FXGL Background Thread 3 ] DEBUG Engine               - gameDifficultyProperty: ObjectProperty [value: MEDIUM]
11:07:18.808 [FXGL Background Thread 3 ] DEBUG Engine               - globalMusicVolume: 0.5
11:07:18.809 [FXGL Background Thread 3 ] DEBUG Engine               - globalMusicVolumeProperty: DoubleProperty [value: 0.5]
11:07:18.809 [FXGL Background Thread 3 ] DEBUG Engine               - globalSoundVolume: 0.5
11:07:18.809 [FXGL Background Thread 3 ] DEBUG Engine               - globalSoundVolumeProperty: DoubleProperty [value: 0.5]
11:07:18.809 [FXGL Background Thread 3 ] DEBUG Engine               - height: 800
11:07:18.809 [FXGL Background Thread 3 ] DEBUG Engine               - isAndroid: false
11:07:18.809 [FXGL Background Thread 3 ] DEBUG Engine               - isBrowser: false
11:07:18.810 [FXGL Background Thread 3 ] DEBUG Engine               - isClickFeedbackEnabled: false
11:07:18.810 [FXGL Background Thread 3 ] DEBUG Engine               - isCloseConfirmation: false
11:07:18.810 [FXGL Background Thread 3 ] DEBUG Engine               - isDesktop: true
11:07:18.810 [FXGL Background Thread 3 ] DEBUG Engine               - isDeveloperMenuEnabled: false
11:07:18.810 [FXGL Background Thread 3 ] DEBUG Engine               - isEntityPreloadEnabled: true
11:07:18.810 [FXGL Background Thread 3 ] DEBUG Engine               - isExperimental3D: false
11:07:18.810 [FXGL Background Thread 3 ] DEBUG Engine               - isExperimentalNative: false
11:07:18.810 [FXGL Background Thread 3 ] DEBUG Engine               - isExperimentalTiledLargeMap: false
11:07:18.811 [FXGL Background Thread 3 ] DEBUG Engine               - isFileSystemWriteAllowed: true
11:07:18.811 [FXGL Background Thread 3 ] DEBUG Engine               - isFullScreenAllowed: false
11:07:18.811 [FXGL Background Thread 3 ] DEBUG Engine               - isFullScreenFromStart: false
11:07:18.811 [FXGL Background Thread 3 ] DEBUG Engine               - isGameMenuEnabled: true
11:07:18.811 [FXGL Background Thread 3 ] DEBUG Engine               - isIOS: false
11:07:18.811 [FXGL Background Thread 3 ] DEBUG Engine               - isIntroEnabled: false
11:07:18.811 [FXGL Background Thread 3 ] DEBUG Engine               - isLinux: false
11:07:18.811 [FXGL Background Thread 3 ] DEBUG Engine               - isMac: false
11:07:18.811 [FXGL Background Thread 3 ] DEBUG Engine               - isMainMenuEnabled: false
11:07:18.812 [FXGL Background Thread 3 ] DEBUG Engine               - isManualResizeEnabled: false
11:07:18.812 [FXGL Background Thread 3 ] DEBUG Engine               - isMobile: false
11:07:18.812 [FXGL Background Thread 3 ] DEBUG Engine               - isPreserveResizeRatio: false
11:07:18.812 [FXGL Background Thread 3 ] DEBUG Engine               - isProfilingEnabled: false
11:07:18.812 [FXGL Background Thread 3 ] DEBUG Engine               - isScaleAffectedOnResize: true
11:07:18.812 [FXGL Background Thread 3 ] DEBUG Engine               - isSingleStep: false
11:07:18.812 [FXGL Background Thread 3 ] DEBUG Engine               - isUserProfileEnabled: false
11:07:18.813 [FXGL Background Thread 3 ] DEBUG Engine               - isWindows: true
11:07:18.813 [FXGL Background Thread 3 ] DEBUG Engine               - language: ObjectProperty [value: ENGLISH]
11:07:18.813 [FXGL Background Thread 3 ] DEBUG Engine               - menuKey: ESCAPE
11:07:18.813 [FXGL Background Thread 3 ] DEBUG Engine               - notificationViewClass: class com.almasb.fxgl.notification.view.XboxNotificationView
11:07:18.813 [FXGL Background Thread 3 ] DEBUG Engine               - pixelsPerMeter: 50.0
11:07:18.813 [FXGL Background Thread 3 ] DEBUG Engine               - platform: WINDOWS
11:07:18.813 [FXGL Background Thread 3 ] DEBUG Engine               - prefHeightProperty: ReadOnlyDoubleProperty [value: 800.0]
11:07:18.813 [FXGL Background Thread 3 ] DEBUG Engine               - prefWidthProperty: ReadOnlyDoubleProperty [value: 800.0]
11:07:18.813 [FXGL Background Thread 3 ] DEBUG Engine               - profileDir: profiles/
11:07:18.814 [FXGL Background Thread 3 ] DEBUG Engine               - profileName: StringProperty [value: DEFAULT]
11:07:18.814 [FXGL Background Thread 3 ] DEBUG Engine               - randomSeed: -1
11:07:18.814 [FXGL Background Thread 3 ] DEBUG Engine               - runtimeInfo: RuntimeInfo(platform=WINDOWS, version=11.14, build=01.03.2021 16.59)
11:07:18.814 [FXGL Background Thread 3 ] DEBUG Engine               - saveFileExt: sav
11:07:18.814 [FXGL Background Thread 3 ] DEBUG Engine               - scaledHeightProp$fxgl: DoubleProperty [bound, value: 800.0]
11:07:18.814 [FXGL Background Thread 3 ] DEBUG Engine               - scaledWidthProp$fxgl: DoubleProperty [bound, value: 800.0]
11:07:18.814 [FXGL Background Thread 3 ] DEBUG Engine               - sceneFactory: com.almasb.fxgl.app.scene.SceneFactory@2141e133
11:07:18.814 [FXGL Background Thread 3 ] DEBUG Engine               - secondsIn24h: 60
11:07:18.815 [FXGL Background Thread 3 ] DEBUG Engine               - soundMenuBack: menu/back.wav
11:07:18.815 [FXGL Background Thread 3 ] DEBUG Engine               - soundMenuPress: menu/press.wav
11:07:18.815 [FXGL Background Thread 3 ] DEBUG Engine               - soundMenuSelect: menu/select.wav
11:07:18.815 [FXGL Background Thread 3 ] DEBUG Engine               - soundNotification: core/notification.wav
11:07:18.815 [FXGL Background Thread 3 ] DEBUG Engine               - stageStyle: DECORATED
11:07:18.815 [FXGL Background Thread 3 ] DEBUG Engine               - supportedLanguages: [ENGLISH, FRENCH, GERMAN, HUNGARIAN, RUSSIAN]
11:07:18.815 [FXGL Background Thread 3 ] DEBUG Engine               - ticksPerSecond: -1
11:07:18.815 [FXGL Background Thread 3 ] DEBUG Engine               - title: its a Fucking Game
11:07:18.816 [FXGL Background Thread 3 ] DEBUG Engine               - urlGithub: https://github.com/AlmasB/FXGL
11:07:18.816 [FXGL Background Thread 3 ] DEBUG Engine               - urlLeaderboard: http://fxgl-top.herokuapp.com/
11:07:18.816 [FXGL Background Thread 3 ] DEBUG Engine               - urlPOM: https://raw.githubusercontent.com/AlmasB/FXGL/release/README.md
11:07:18.816 [FXGL Background Thread 3 ] DEBUG Engine               - userAppClass: class Game
11:07:18.816 [FXGL Background Thread 3 ] DEBUG Engine               - version: 0.69
11:07:18.816 [FXGL Background Thread 3 ] DEBUG Engine               - versionCheckDays: 7
11:07:18.816 [FXGL Background Thread 3 ] DEBUG Engine               - width: 800
11:07:18.816 [FXGL Background Thread 3 ] DEBUG Engine               - Logging services
11:07:18.817 [FXGL Background Thread 3 ] DEBUG Engine               - class com.almasb.fxgl.app.services.FXGLAssetLoaderService
11:07:18.817 [FXGL Background Thread 3 ] DEBUG Engine               - class com.almasb.fxgl.app.FXGLApplication$GameApplicationService
11:07:18.817 [FXGL Background Thread 3 ] DEBUG Engine               - class com.almasb.fxgl.app.services.FXGLDialogService
11:07:18.817 [FXGL Background Thread 3 ] DEBUG Engine               - class com.almasb.fxgl.app.services.IOTaskExecutorService
11:07:18.817 [FXGL Background Thread 3 ] DEBUG Engine               - class com.almasb.fxgl.event.EventBusService
11:07:18.817 [FXGL Background Thread 3 ] DEBUG Engine               - class com.almasb.fxgl.io.FileSystemService
11:07:18.817 [FXGL Background Thread 3 ] DEBUG Engine               - class com.almasb.fxgl.localization.LocalizationService
11:07:18.818 [FXGL Background Thread 3 ] DEBUG Engine               - class com.almasb.fxgl.app.services.SystemBundleService
11:07:18.818 [FXGL Background Thread 3 ] DEBUG Engine               - class com.almasb.fxgl.profile.SaveLoadService
11:07:18.818 [FXGL Background Thread 3 ] DEBUG Engine               - class com.almasb.fxgl.ui.FXGLUIFactoryServiceProvider
11:07:18.818 [FXGL Background Thread 3 ] DEBUG Engine               - class com.almasb.fxgl.ui.FXGLDialogFactoryServiceProvider
11:07:18.818 [FXGL Background Thread 3 ] DEBUG Engine               - class com.almasb.fxgl.audio.AudioPlayer
11:07:18.818 [FXGL Background Thread 3 ] DEBUG Engine               - class com.almasb.fxgl.notification.impl.NotificationServiceProvider
11:07:18.818 [FXGL Background Thread 3 ] DEBUG Engine               - class com.almasb.fxgl.achievement.AchievementService
11:07:18.818 [FXGL Background Thread 3 ] DEBUG Engine               - class com.almasb.fxgl.cutscene.CutsceneService
11:07:18.818 [FXGL Background Thread 3 ] DEBUG Engine               - class com.almasb.fxgl.minigames.MiniGameService
11:07:18.818 [FXGL Background Thread 3 ] DEBUG Engine               - class com.almasb.fxgl.net.NetService
11:07:18.819 [FXGL Background Thread 3 ] DEBUG Engine               - class com.almasb.fxgl.app.services.UpdaterService
11:07:18.819 [FXGL Background Thread 3 ] DEBUG Engine               - class com.almasb.fxgl.dev.DevService
11:07:34.793 [JavaFX Application Thread] DEBUG FXGLApplication      - Exiting FXGL
11:07:34.793 [JavaFX Application Thread] DEBUG LoopRunner           - Stopping loop
11:07:34.793 [JavaFX Application Thread] DEBUG SystemBundleService  - Saving FXGL system data
11:07:34.795 [JavaFX Application Thread] DEBUG FileSystemAccess     - Writing to: C:\Users\Koning Max\IdeaProjects\IPOSE_CHALLENGE-WEEK\system\fxgl.bundle
11:07:34.797 [JavaFX Application Thread] DEBUG Async                - Shutting down background threads
11:07:34.797 [JavaFX Application Thread] DEBUG PrimaryStageWindow   - Closing main window
11:07:34.814 [JavaFX Application Thread] DEBUG Logger               - Closing Logger
