10:45:04.732 [main                     ] DEBUG Logger               - Configured Logger
10:45:04.747 [main                     ] DEBUG GameApplication      - Logging settings
Title: its a Fucking Game
Version: 0.69
Width: 800
Height: 800
Fullscreen: false
Intro: false
Profiling: false
Single step:false
App Mode: DEVELOPER
Menu Key: ESCAPE
Stage Style: DECORATED
Scene Factory: class com.almasb.fxgl.app.scene.SceneFactory

10:45:05.444 [JavaFX Application Thread] DEBUG FXGLApplication      - Initializing FXGL
10:45:05.446 [JavaFX Application Thread] INFO  Engine               - FXGL-11.14 (01.03.2021 16.59) on WINDOWS (J:15.0.2 FX:15)
10:45:05.447 [JavaFX Application Thread] DEBUG Engine               - JRE Vendor Name: Oracle Corporation
10:45:05.447 [JavaFX Application Thread] DEBUG Engine               - Running on OS: Windows 10 version 10.0
10:45:05.447 [JavaFX Application Thread] DEBUG Engine               - Architecture: amd64
10:45:05.447 [JavaFX Application Thread] INFO  Engine               - Source code and latest versions at: https://github.com/AlmasB/FXGL
10:45:05.448 [JavaFX Application Thread] INFO  Engine               -              Join the FXGL chat at: https://gitter.im/AlmasB/FXGL
10:45:05.592 [JavaFX Application Thread] DEBUG PrimaryStageWindow   - Creating a JavaFX scene
10:45:05.654 [JavaFX Application Thread] DEBUG PrimaryStageWindow   - Target settings size: 800.0 x 800.0
10:45:05.654 [JavaFX Application Thread] DEBUG PrimaryStageWindow   - Scaled scene size:    800.0 x 800.0
10:45:05.655 [JavaFX Application Thread] DEBUG PrimaryStageWindow   - Scaled ratio: (1.0, 1.0)
10:45:05.656 [JavaFX Application Thread] DEBUG PrimaryStageWindow   - Set initial scene to FXGLStartupScene
10:45:05.664 [JavaFX Application Thread] DEBUG PrimaryStageWindow   - Opening main window
10:45:05.763 [JavaFX Application Thread] DEBUG PrimaryStageWindow   - Window border size: (16.0, 39.0)
10:45:05.763 [JavaFX Application Thread] DEBUG PrimaryStageWindow   - Scaled size: 800.0 x 800.0
10:45:05.763 [JavaFX Application Thread] DEBUG PrimaryStageWindow   - Scaled ratio: (1.0, 1.0)
10:45:05.764 [JavaFX Application Thread] DEBUG PrimaryStageWindow   - Scene size: 800.0 x 800.0
10:45:05.764 [JavaFX Application Thread] DEBUG PrimaryStageWindow   - Stage size: 816.0 x 839.0
10:45:05.771 [FXGL Background Thread 1 ] DEBUG Engine               - Initializing environment variables
10:45:05.808 [FXGL Background Thread 1 ] DEBUG FXGLAssetLoaderServi - User app class for loading assets: class Game
10:45:05.808 [FXGL Background Thread 1 ] DEBUG GameApplicationServi - Applying CSS: fxgl_dark.css
10:45:05.809 [FXGL Background Thread 1 ] DEBUG FXGLAssetLoaderServi - Loading from file system: jar:file:/C:/Users/Koning%20Max/.m2/repository/com/github/almasb/fxgl/11.14/fxgl-11.14.jar!/fxglassets/ui/css/fxgl_dark.css
10:45:05.856 [FXGL Background Thread 1 ] DEBUG GameApplicationServi - Initializing application scenes
10:45:05.893 [FXGL Background Thread 1 ] DEBUG GameWorld            - Game world initialized
10:45:05.970 [FXGL Background Thread 1 ] DEBUG PhysicsWorld         - Physics world initialized: appHeight=800, physics.ppm=50.0
10:45:05.970 [FXGL Background Thread 1 ] DEBUG PhysicsWorld         - Using strategy: BRUTE_FORCE
10:45:05.973 [FXGL Background Thread 1 ] DEBUG GameScene            - Game scene initialized: 800x800
10:45:06.011 [FXGL Background Thread 1 ] DEBUG FXGLAssetLoaderServi - Loading from file system: jar:file:/C:/Users/Koning%20Max/.m2/repository/com/github/almasb/fxgl/11.14/fxgl-11.14.jar!/fxglassets/textures/particles/trace_horizontal.png
10:45:06.070 [FXGL Background Thread 1 ] DEBUG FXGL.DefaultMenu     - createMenuBodyGameMenu()
10:45:06.089 [FXGL Background Thread 1 ] DEBUG FXGL.DefaultMenu     - createOptionsMenu()
10:45:06.095 [FXGL Background Thread 1 ] DEBUG FXGLAssetLoaderServi - Loading from file system: jar:file:/C:/Users/Koning%20Max/.m2/repository/com/github/almasb/fxgl/11.14/fxgl-11.14.jar!/fxglassets/textures/particles/smoke.png
10:45:06.147 [FXGL Background Thread 1 ] DEBUG GameApplicationServi - Application scenes initialized
10:45:06.159 [FXGL Background Thread 1 ] DEBUG SystemBundleService  - Loading FXGL system data
10:45:06.163 [FXGL Background Thread 1 ] DEBUG FileSystemAccess     - Reading from: C:\Users\Koning Max\IdeaProjects\IPOSE_CHALLENGE-WEEK\system\fxgl.bundle
10:45:06.168 [FXGL Background Thread 1 ] DEBUG SystemBundleService  - Bundle FXGL: {}
10:45:06.168 [FXGL Background Thread 1 ] DEBUG UpdaterService       - Checking for updates
10:45:06.173 [FXGL Background Thread 4 ] DEBUG FXGLApplication      - Loading fonts
10:45:06.173 [FXGL Background Thread 1 ] DEBUG FXGLApplication      - Loading default localization
10:45:06.174 [FXGL Background Thread 4 ] DEBUG FXGLAssetLoaderServi - Loading from file system: jar:file:/C:/Users/Koning%20Max/.m2/repository/com/github/almasb/fxgl/11.14/fxgl-11.14.jar!/fxglassets/ui/fonts/VarelaRound-Regular.ttf
10:45:06.174 [FXGL Background Thread 1 ] DEBUG FXGLAssetLoaderServi - Loading from file system: jar:file:/C:/Users/Koning%20Max/.m2/repository/com/github/almasb/fxgl/11.14/fxgl-11.14.jar!/fxglassets/languages/english.lang
10:45:06.192 [FXGL Background Thread 1 ] INFO  FXGLApplication      - FXGL initialization took: 0.420 sec
10:45:06.204 [JavaFX Application Thread] DEBUG Input                - Registered new binding: action0 - D
10:45:06.205 [JavaFX Application Thread] DEBUG Input                - Registered new binding: action1 - A
10:45:06.205 [JavaFX Application Thread] DEBUG Input                - Registered new binding: action2 - W
10:45:06.205 [JavaFX Application Thread] DEBUG Input                - Registered new binding: action3 - S
10:45:06.206 [JavaFX Application Thread] DEBUG FXGLAssetLoaderServi - Loading from file system: jar:file:/C:/Users/Koning%20Max/.m2/repository/com/github/almasb/fxgl/11.14/fxgl-11.14.jar!/fxglassets/textures/fxgl_icon.png
10:45:06.229 [JavaFX Application Thread] DEBUG FXGLAssetLoaderServi - Loading from file system: jar:file:/C:/Users/Koning%20Max/.m2/repository/com/github/almasb/fxgl/11.14/fxgl-11.14.jar!/fxglassets/ui/cursors/fxgl_default.png
10:45:06.231 [JavaFX Application Thread] DEBUG Input                - Registered new binding: Screenshot - P
10:45:06.232 [JavaFX Application Thread] DEBUG Input                - Registered new binding: System info dump - CTRL+9
10:45:06.232 [JavaFX Application Thread] DEBUG Input                - Registered new binding: Restart - CTRL+R
10:45:06.233 [JavaFX Application Thread] DEBUG Input                - Registered new binding: Toggle Debug Camera - CTRL+C
10:45:06.236 [JavaFX Application Thread] DEBUG LoopRunner           - Starting loop
10:45:06.236 [JavaFX Application Thread] DEBUG LoopRunner           - Initializing JavaFX AnimationTimerLoop
10:45:06.238 [JavaFX Application Thread] DEBUG GameApplicationServi - Starting new game
10:45:06.238 [JavaFX Application Thread] DEBUG Input                - Clearing active input actions
10:45:06.249 [JavaFX Application Thread] DEBUG GameApplicationServi - Removing overlay from FXGLStartupScene and adding to FXGLLoadingScene
10:45:06.249 [JavaFX Application Thread] DEBUG PrimaryStageWindow   - FXGLStartupScene -> FXGLLoadingScene
10:45:06.249 [JavaFX Application Thread] DEBUG GameApplicationServi - Clearing previous game
10:45:06.249 [JavaFX Application Thread] DEBUG GameScene            - Clearing game scene
10:45:06.250 [JavaFX Application Thread] DEBUG GameWorld            - Clearing game world
10:45:06.250 [JavaFX Application Thread] DEBUG PhysicsWorld         - Clearing physics world
10:45:06.251 [FXGL Background Thread 1 ] DEBUG FXGLApplication      - Initializing game
10:45:06.254 [FXGL Background Thread 1 ] DEBUG FXGLAssetLoaderServi - Loading from file system: file:/C:/Users/Koning%20Max/IdeaProjects/IPOSE_CHALLENGE-WEEK/target/classes/assets/textures/dude.png
10:45:06.261 [FXGL Background Thread 1 ] INFO  FXGLApplication      - Game initialization took: 0.010 sec
10:45:06.290 [FXGL Background Thread 4 ] DEBUG FXGLAssetLoaderServi - Loading from file system: jar:file:/C:/Users/Koning%20Max/.m2/repository/com/github/almasb/fxgl/11.14/fxgl-11.14.jar!/fxglassets/ui/fonts/Abel-Regular.ttf
10:45:06.291 [JavaFX Application Thread] DEBUG Input                - Clearing active input actions
10:45:06.296 [FXGL Background Thread 4 ] DEBUG FXGLAssetLoaderServi - Loading from file system: jar:file:/C:/Users/Koning%20Max/.m2/repository/com/github/almasb/fxgl/11.14/fxgl-11.14.jar!/fxglassets/ui/fonts/lucida_console.ttf
10:45:06.303 [FXGL Background Thread 4 ] DEBUG FXGLAssetLoaderServi - Loading from file system: jar:file:/C:/Users/Koning%20Max/.m2/repository/com/github/almasb/fxgl/11.14/fxgl-11.14.jar!/fxglassets/ui/fonts/Courier-Prime.ttf
10:45:06.303 [JavaFX Application Thread] DEBUG GameApplicationServi - Removing overlay from FXGLLoadingScene and adding to GameScene
10:45:06.304 [JavaFX Application Thread] DEBUG PrimaryStageWindow   - FXGLLoadingScene -> GameScene
10:45:06.376 [JavaFX Application Thread] DEBUG FXGLApplication      - Registering font factories with UI factory
10:45:09.172 [FXGL Background Thread 3 ] DEBUG Engine               - Logging environment variables
10:45:09.172 [FXGL Background Thread 3 ] DEBUG Engine               - achievements: []
10:45:09.172 [FXGL Background Thread 3 ] DEBUG Engine               - actualHeight: 800.0
10:45:09.173 [FXGL Background Thread 3 ] DEBUG Engine               - actualHeightProperty: ReadOnlyDoubleProperty [value: 800.0]
10:45:09.173 [FXGL Background Thread 3 ] DEBUG Engine               - actualWidth: 800.0
10:45:09.173 [FXGL Background Thread 3 ] DEBUG Engine               - actualWidthProperty: ReadOnlyDoubleProperty [value: 800.0]
10:45:09.173 [FXGL Background Thread 3 ] DEBUG Engine               - appIcon: fxgl_icon.png
10:45:09.173 [FXGL Background Thread 3 ] DEBUG Engine               - applicationMode: DEVELOPER
10:45:09.174 [FXGL Background Thread 3 ] DEBUG Engine               - cSSList: [fxgl_dark.css]
10:45:09.174 [FXGL Background Thread 3 ] DEBUG Engine               - collisionDetectionStrategy: BRUTE_FORCE
10:45:09.174 [FXGL Background Thread 3 ] DEBUG Engine               - configClass: Optional.empty
10:45:09.174 [FXGL Background Thread 3 ] DEBUG Engine               - credits: []
10:45:09.174 [FXGL Background Thread 3 ] DEBUG Engine               - devBBoxColorProperty: ObjectProperty [value: 0xff0000ff]
10:45:09.174 [FXGL Background Thread 3 ] DEBUG Engine               - devEnableDebugCameraProperty: BooleanProperty [value: false]
10:45:09.175 [FXGL Background Thread 3 ] DEBUG Engine               - devSensorColorProperty: ObjectProperty [value: 0xffff00ff]
10:45:09.175 [FXGL Background Thread 3 ] DEBUG Engine               - devShowBBoxProperty: BooleanProperty [value: false]
10:45:09.175 [FXGL Background Thread 3 ] DEBUG Engine               - devShowPositionProperty: BooleanProperty [value: false]
10:45:09.175 [FXGL Background Thread 3 ] DEBUG Engine               - enabledMenuItems: []
10:45:09.175 [FXGL Background Thread 3 ] DEBUG Engine               - engineServices: [class com.almasb.fxgl.app.services.FXGLAssetLoaderService, class com.almasb.fxgl.app.FXGLApplication$GameApplicationService, class com.almasb.fxgl.app.services.FXGLDialogService, class com.almasb.fxgl.app.services.IOTaskExecutorService, class com.almasb.fxgl.event.EventBusService, class com.almasb.fxgl.io.FileSystemService, class com.almasb.fxgl.localization.LocalizationService, class com.almasb.fxgl.app.services.SystemBundleService, class com.almasb.fxgl.profile.SaveLoadService, class com.almasb.fxgl.ui.FXGLUIFactoryServiceProvider, class com.almasb.fxgl.ui.FXGLDialogFactoryServiceProvider, class com.almasb.fxgl.audio.AudioPlayer, class com.almasb.fxgl.notification.impl.NotificationServiceProvider, class com.almasb.fxgl.achievement.AchievementService, class com.almasb.fxgl.cutscene.CutsceneService, class com.almasb.fxgl.minigames.MiniGameService, class com.almasb.fxgl.net.NetService, class com.almasb.fxgl.app.services.UpdaterService, class com.almasb.fxgl.dev.DevService]
10:45:09.175 [FXGL Background Thread 3 ] DEBUG Engine               - fontGame: Abel-Regular.ttf
10:45:09.176 [FXGL Background Thread 3 ] DEBUG Engine               - fontMono: lucida_console.ttf
10:45:09.176 [FXGL Background Thread 3 ] DEBUG Engine               - fontText: Courier-Prime.ttf
10:45:09.176 [FXGL Background Thread 3 ] DEBUG Engine               - fontUI: VarelaRound-Regular.ttf
10:45:09.176 [FXGL Background Thread 3 ] DEBUG Engine               - fullScreen: BooleanProperty [value: false]
10:45:09.176 [FXGL Background Thread 3 ] DEBUG Engine               - gameDifficulty: MEDIUM
10:45:09.176 [FXGL Background Thread 3 ] DEBUG Engine               - gameDifficultyProperty: ObjectProperty [value: MEDIUM]
10:45:09.176 [FXGL Background Thread 3 ] DEBUG Engine               - globalMusicVolume: 0.5
10:45:09.176 [FXGL Background Thread 3 ] DEBUG Engine               - globalMusicVolumeProperty: DoubleProperty [value: 0.5]
10:45:09.177 [FXGL Background Thread 3 ] DEBUG Engine               - globalSoundVolume: 0.5
10:45:09.177 [FXGL Background Thread 3 ] DEBUG Engine               - globalSoundVolumeProperty: DoubleProperty [value: 0.5]
10:45:09.177 [FXGL Background Thread 3 ] DEBUG Engine               - height: 800
10:45:09.177 [FXGL Background Thread 3 ] DEBUG Engine               - isAndroid: false
10:45:09.177 [FXGL Background Thread 3 ] DEBUG Engine               - isBrowser: false
10:45:09.177 [FXGL Background Thread 3 ] DEBUG Engine               - isClickFeedbackEnabled: false
10:45:09.178 [FXGL Background Thread 3 ] DEBUG Engine               - isCloseConfirmation: false
10:45:09.178 [FXGL Background Thread 3 ] DEBUG Engine               - isDesktop: true
10:45:09.178 [FXGL Background Thread 3 ] DEBUG Engine               - isDeveloperMenuEnabled: false
10:45:09.178 [FXGL Background Thread 3 ] DEBUG Engine               - isEntityPreloadEnabled: true
10:45:09.178 [FXGL Background Thread 3 ] DEBUG Engine               - isExperimental3D: false
10:45:09.178 [FXGL Background Thread 3 ] DEBUG Engine               - isExperimentalNative: false
10:45:09.178 [FXGL Background Thread 3 ] DEBUG Engine               - isExperimentalTiledLargeMap: false
10:45:09.179 [FXGL Background Thread 3 ] DEBUG Engine               - isFileSystemWriteAllowed: true
10:45:09.179 [FXGL Background Thread 3 ] DEBUG Engine               - isFullScreenAllowed: false
10:45:09.179 [FXGL Background Thread 3 ] DEBUG Engine               - isFullScreenFromStart: false
10:45:09.179 [FXGL Background Thread 3 ] DEBUG Engine               - isGameMenuEnabled: true
10:45:09.179 [FXGL Background Thread 3 ] DEBUG Engine               - isIOS: false
10:45:09.179 [FXGL Background Thread 3 ] DEBUG Engine               - isIntroEnabled: false
10:45:09.179 [FXGL Background Thread 3 ] DEBUG Engine               - isLinux: false
10:45:09.179 [FXGL Background Thread 3 ] DEBUG Engine               - isMac: false
10:45:09.180 [FXGL Background Thread 3 ] DEBUG Engine               - isMainMenuEnabled: false
10:45:09.180 [FXGL Background Thread 3 ] DEBUG Engine               - isManualResizeEnabled: false
10:45:09.180 [FXGL Background Thread 3 ] DEBUG Engine               - isMobile: false
10:45:09.180 [FXGL Background Thread 3 ] DEBUG Engine               - isPreserveResizeRatio: false
10:45:09.180 [FXGL Background Thread 3 ] DEBUG Engine               - isProfilingEnabled: false
10:45:09.180 [FXGL Background Thread 3 ] DEBUG Engine               - isScaleAffectedOnResize: true
10:45:09.180 [FXGL Background Thread 3 ] DEBUG Engine               - isSingleStep: false
10:45:09.181 [FXGL Background Thread 3 ] DEBUG Engine               - isUserProfileEnabled: false
10:45:09.181 [FXGL Background Thread 3 ] DEBUG Engine               - isWindows: true
10:45:09.181 [FXGL Background Thread 3 ] DEBUG Engine               - language: ObjectProperty [value: ENGLISH]
10:45:09.181 [FXGL Background Thread 3 ] DEBUG Engine               - menuKey: ESCAPE
10:45:09.181 [FXGL Background Thread 3 ] DEBUG Engine               - notificationViewClass: class com.almasb.fxgl.notification.view.XboxNotificationView
10:45:09.181 [FXGL Background Thread 3 ] DEBUG Engine               - pixelsPerMeter: 50.0
10:45:09.182 [FXGL Background Thread 3 ] DEBUG Engine               - platform: WINDOWS
10:45:09.182 [FXGL Background Thread 3 ] DEBUG Engine               - prefHeightProperty: ReadOnlyDoubleProperty [value: 800.0]
10:45:09.182 [FXGL Background Thread 3 ] DEBUG Engine               - prefWidthProperty: ReadOnlyDoubleProperty [value: 800.0]
10:45:09.182 [FXGL Background Thread 3 ] DEBUG Engine               - profileDir: profiles/
10:45:09.182 [FXGL Background Thread 3 ] DEBUG Engine               - profileName: StringProperty [value: DEFAULT]
10:45:09.182 [FXGL Background Thread 3 ] DEBUG Engine               - randomSeed: -1
10:45:09.183 [FXGL Background Thread 3 ] DEBUG Engine               - runtimeInfo: RuntimeInfo(platform=WINDOWS, version=11.14, build=01.03.2021 16.59)
10:45:09.183 [FXGL Background Thread 3 ] DEBUG Engine               - saveFileExt: sav
10:45:09.183 [FXGL Background Thread 3 ] DEBUG Engine               - scaledHeightProp$fxgl: DoubleProperty [bound, value: 800.0]
10:45:09.183 [FXGL Background Thread 3 ] DEBUG Engine               - scaledWidthProp$fxgl: DoubleProperty [bound, value: 800.0]
10:45:09.183 [FXGL Background Thread 3 ] DEBUG Engine               - sceneFactory: com.almasb.fxgl.app.scene.SceneFactory@276b0693
10:45:09.183 [FXGL Background Thread 3 ] DEBUG Engine               - secondsIn24h: 60
10:45:09.183 [FXGL Background Thread 3 ] DEBUG Engine               - soundMenuBack: menu/back.wav
10:45:09.183 [FXGL Background Thread 3 ] DEBUG Engine               - soundMenuPress: menu/press.wav
10:45:09.184 [FXGL Background Thread 3 ] DEBUG Engine               - soundMenuSelect: menu/select.wav
10:45:09.184 [FXGL Background Thread 3 ] DEBUG Engine               - soundNotification: core/notification.wav
10:45:09.184 [FXGL Background Thread 3 ] DEBUG Engine               - stageStyle: DECORATED
10:45:09.184 [FXGL Background Thread 3 ] DEBUG Engine               - supportedLanguages: [ENGLISH, FRENCH, GERMAN, HUNGARIAN, RUSSIAN]
10:45:09.184 [FXGL Background Thread 3 ] DEBUG Engine               - ticksPerSecond: -1
10:45:09.184 [FXGL Background Thread 3 ] DEBUG Engine               - title: its a Fucking Game
10:45:09.184 [FXGL Background Thread 3 ] DEBUG Engine               - urlGithub: https://github.com/AlmasB/FXGL
10:45:09.184 [FXGL Background Thread 3 ] DEBUG Engine               - urlLeaderboard: http://fxgl-top.herokuapp.com/
10:45:09.185 [FXGL Background Thread 3 ] DEBUG Engine               - urlPOM: https://raw.githubusercontent.com/AlmasB/FXGL/release/README.md
10:45:09.185 [FXGL Background Thread 3 ] DEBUG Engine               - userAppClass: class Game
10:45:09.185 [FXGL Background Thread 3 ] DEBUG Engine               - version: 0.69
10:45:09.185 [FXGL Background Thread 3 ] DEBUG Engine               - versionCheckDays: 7
10:45:09.185 [FXGL Background Thread 3 ] DEBUG Engine               - width: 800
10:45:09.185 [FXGL Background Thread 3 ] DEBUG Engine               - Logging services
10:45:09.185 [FXGL Background Thread 3 ] DEBUG Engine               - class com.almasb.fxgl.app.services.FXGLAssetLoaderService
10:45:09.185 [FXGL Background Thread 3 ] DEBUG Engine               - class com.almasb.fxgl.app.FXGLApplication$GameApplicationService
10:45:09.185 [FXGL Background Thread 3 ] DEBUG Engine               - class com.almasb.fxgl.app.services.FXGLDialogService
10:45:09.186 [FXGL Background Thread 3 ] DEBUG Engine               - class com.almasb.fxgl.app.services.IOTaskExecutorService
10:45:09.186 [FXGL Background Thread 3 ] DEBUG Engine               - class com.almasb.fxgl.event.EventBusService
10:45:09.186 [FXGL Background Thread 3 ] DEBUG Engine               - class com.almasb.fxgl.io.FileSystemService
10:45:09.186 [FXGL Background Thread 3 ] DEBUG Engine               - class com.almasb.fxgl.localization.LocalizationService
10:45:09.186 [FXGL Background Thread 3 ] DEBUG Engine               - class com.almasb.fxgl.app.services.SystemBundleService
10:45:09.186 [FXGL Background Thread 3 ] DEBUG Engine               - class com.almasb.fxgl.profile.SaveLoadService
10:45:09.186 [FXGL Background Thread 3 ] DEBUG Engine               - class com.almasb.fxgl.ui.FXGLUIFactoryServiceProvider
10:45:09.186 [FXGL Background Thread 3 ] DEBUG Engine               - class com.almasb.fxgl.ui.FXGLDialogFactoryServiceProvider
10:45:09.187 [FXGL Background Thread 3 ] DEBUG Engine               - class com.almasb.fxgl.audio.AudioPlayer
10:45:09.187 [FXGL Background Thread 3 ] DEBUG Engine               - class com.almasb.fxgl.notification.impl.NotificationServiceProvider
10:45:09.187 [FXGL Background Thread 3 ] DEBUG Engine               - class com.almasb.fxgl.achievement.AchievementService
10:45:09.187 [FXGL Background Thread 3 ] DEBUG Engine               - class com.almasb.fxgl.cutscene.CutsceneService
10:45:09.187 [FXGL Background Thread 3 ] DEBUG Engine               - class com.almasb.fxgl.minigames.MiniGameService
10:45:09.187 [FXGL Background Thread 3 ] DEBUG Engine               - class com.almasb.fxgl.net.NetService
10:45:09.187 [FXGL Background Thread 3 ] DEBUG Engine               - class com.almasb.fxgl.app.services.UpdaterService
10:45:09.187 [FXGL Background Thread 3 ] DEBUG Engine               - class com.almasb.fxgl.dev.DevService
10:45:19.670 [JavaFX Application Thread] DEBUG FXGLApplication      - Exiting FXGL
10:45:19.670 [JavaFX Application Thread] DEBUG LoopRunner           - Stopping loop
10:45:19.671 [JavaFX Application Thread] DEBUG SystemBundleService  - Saving FXGL system data
10:45:19.672 [JavaFX Application Thread] DEBUG FileSystemAccess     - Writing to: C:\Users\Koning Max\IdeaProjects\IPOSE_CHALLENGE-WEEK\system\fxgl.bundle
10:45:19.674 [JavaFX Application Thread] DEBUG Async                - Shutting down background threads
10:45:19.674 [JavaFX Application Thread] DEBUG PrimaryStageWindow   - Closing main window
10:45:19.690 [JavaFX Application Thread] DEBUG Logger               - Closing Logger
