10:48:07.867 [main                     ] DEBUG Logger               - Configured Logger
10:48:07.883 [main                     ] DEBUG GameApplication      - Logging settings
Title: its a Fucking Game
Version: 0.69
Width: 800
Height: 800
Fullscreen: false
Intro: false
Profiling: false
Single step:false
App Mode: DEVELOPER
Menu Key: ESCAPE
Stage Style: DECORATED
Scene Factory: class com.almasb.fxgl.app.scene.SceneFactory

10:48:08.585 [JavaFX Application Thread] DEBUG FXGLApplication      - Initializing FXGL
10:48:08.587 [JavaFX Application Thread] INFO  Engine               - FXGL-11.14 (01.03.2021 16.59) on WINDOWS (J:15.0.2 FX:15)
10:48:08.588 [JavaFX Application Thread] DEBUG Engine               - JRE Vendor Name: Oracle Corporation
10:48:08.588 [JavaFX Application Thread] DEBUG Engine               - Running on OS: Windows 10 version 10.0
10:48:08.588 [JavaFX Application Thread] DEBUG Engine               - Architecture: amd64
10:48:08.588 [JavaFX Application Thread] INFO  Engine               - Source code and latest versions at: https://github.com/AlmasB/FXGL
10:48:08.588 [JavaFX Application Thread] INFO  Engine               -              Join the FXGL chat at: https://gitter.im/AlmasB/FXGL
10:48:08.736 [JavaFX Application Thread] DEBUG PrimaryStageWindow   - Creating a JavaFX scene
10:48:08.800 [JavaFX Application Thread] DEBUG PrimaryStageWindow   - Target settings size: 800.0 x 800.0
10:48:08.800 [JavaFX Application Thread] DEBUG PrimaryStageWindow   - Scaled scene size:    800.0 x 800.0
10:48:08.800 [JavaFX Application Thread] DEBUG PrimaryStageWindow   - Scaled ratio: (1.0, 1.0)
10:48:08.802 [JavaFX Application Thread] DEBUG PrimaryStageWindow   - Set initial scene to FXGLStartupScene
10:48:08.811 [JavaFX Application Thread] DEBUG PrimaryStageWindow   - Opening main window
10:48:08.904 [JavaFX Application Thread] DEBUG PrimaryStageWindow   - Window border size: (16.0, 39.0)
10:48:08.904 [JavaFX Application Thread] DEBUG PrimaryStageWindow   - Scaled size: 800.0 x 800.0
10:48:08.904 [JavaFX Application Thread] DEBUG PrimaryStageWindow   - Scaled ratio: (1.0, 1.0)
10:48:08.905 [JavaFX Application Thread] DEBUG PrimaryStageWindow   - Scene size: 800.0 x 800.0
10:48:08.905 [JavaFX Application Thread] DEBUG PrimaryStageWindow   - Stage size: 816.0 x 839.0
10:48:08.912 [FXGL Background Thread 1 ] DEBUG Engine               - Initializing environment variables
10:48:08.950 [FXGL Background Thread 1 ] DEBUG FXGLAssetLoaderServi - User app class for loading assets: class Game
10:48:08.950 [FXGL Background Thread 1 ] DEBUG GameApplicationServi - Applying CSS: fxgl_dark.css
10:48:08.952 [FXGL Background Thread 1 ] DEBUG FXGLAssetLoaderServi - Loading from file system: jar:file:/C:/Users/Koning%20Max/.m2/repository/com/github/almasb/fxgl/11.14/fxgl-11.14.jar!/fxglassets/ui/css/fxgl_dark.css
10:48:09.000 [FXGL Background Thread 1 ] DEBUG GameApplicationServi - Initializing application scenes
10:48:09.043 [FXGL Background Thread 1 ] DEBUG GameWorld            - Game world initialized
10:48:09.118 [FXGL Background Thread 1 ] DEBUG PhysicsWorld         - Physics world initialized: appHeight=800, physics.ppm=50.0
10:48:09.118 [FXGL Background Thread 1 ] DEBUG PhysicsWorld         - Using strategy: BRUTE_FORCE
10:48:09.121 [FXGL Background Thread 1 ] DEBUG GameScene            - Game scene initialized: 800x800
10:48:09.161 [FXGL Background Thread 1 ] DEBUG FXGLAssetLoaderServi - Loading from file system: jar:file:/C:/Users/Koning%20Max/.m2/repository/com/github/almasb/fxgl/11.14/fxgl-11.14.jar!/fxglassets/textures/particles/trace_horizontal.png
10:48:09.214 [FXGL Background Thread 1 ] DEBUG FXGL.DefaultMenu     - createMenuBodyGameMenu()
10:48:09.233 [FXGL Background Thread 1 ] DEBUG FXGL.DefaultMenu     - createOptionsMenu()
10:48:09.238 [FXGL Background Thread 1 ] DEBUG FXGLAssetLoaderServi - Loading from file system: jar:file:/C:/Users/Koning%20Max/.m2/repository/com/github/almasb/fxgl/11.14/fxgl-11.14.jar!/fxglassets/textures/particles/smoke.png
10:48:09.289 [FXGL Background Thread 1 ] DEBUG GameApplicationServi - Application scenes initialized
10:48:09.301 [FXGL Background Thread 1 ] DEBUG SystemBundleService  - Loading FXGL system data
10:48:09.305 [FXGL Background Thread 1 ] DEBUG FileSystemAccess     - Reading from: C:\Users\Koning Max\IdeaProjects\IPOSE_CHALLENGE-WEEK\system\fxgl.bundle
10:48:09.311 [FXGL Background Thread 1 ] DEBUG SystemBundleService  - Bundle FXGL: {}
10:48:09.311 [FXGL Background Thread 1 ] DEBUG UpdaterService       - Checking for updates
10:48:09.317 [FXGL Background Thread 4 ] DEBUG FXGLApplication      - Loading fonts
10:48:09.317 [FXGL Background Thread 1 ] DEBUG FXGLApplication      - Loading default localization
10:48:09.318 [FXGL Background Thread 4 ] DEBUG FXGLAssetLoaderServi - Loading from file system: jar:file:/C:/Users/Koning%20Max/.m2/repository/com/github/almasb/fxgl/11.14/fxgl-11.14.jar!/fxglassets/ui/fonts/VarelaRound-Regular.ttf
10:48:09.318 [FXGL Background Thread 1 ] DEBUG FXGLAssetLoaderServi - Loading from file system: jar:file:/C:/Users/Koning%20Max/.m2/repository/com/github/almasb/fxgl/11.14/fxgl-11.14.jar!/fxglassets/languages/english.lang
10:48:09.334 [FXGL Background Thread 1 ] INFO  FXGLApplication      - FXGL initialization took: 0.422 sec
10:48:09.345 [JavaFX Application Thread] DEBUG Input                - Registered new binding: action0 - D
10:48:09.345 [JavaFX Application Thread] DEBUG Input                - Registered new binding: action1 - A
10:48:09.346 [JavaFX Application Thread] DEBUG Input                - Registered new binding: action2 - W
10:48:09.346 [JavaFX Application Thread] DEBUG Input                - Registered new binding: action3 - S
10:48:09.347 [JavaFX Application Thread] DEBUG FXGLAssetLoaderServi - Loading from file system: jar:file:/C:/Users/Koning%20Max/.m2/repository/com/github/almasb/fxgl/11.14/fxgl-11.14.jar!/fxglassets/textures/fxgl_icon.png
10:48:09.373 [JavaFX Application Thread] DEBUG FXGLAssetLoaderServi - Loading from file system: jar:file:/C:/Users/Koning%20Max/.m2/repository/com/github/almasb/fxgl/11.14/fxgl-11.14.jar!/fxglassets/ui/cursors/fxgl_default.png
10:48:09.375 [JavaFX Application Thread] DEBUG Input                - Registered new binding: Screenshot - P
10:48:09.376 [JavaFX Application Thread] DEBUG Input                - Registered new binding: System info dump - CTRL+9
10:48:09.377 [JavaFX Application Thread] DEBUG Input                - Registered new binding: Restart - CTRL+R
10:48:09.378 [JavaFX Application Thread] DEBUG Input                - Registered new binding: Toggle Debug Camera - CTRL+C
10:48:09.381 [JavaFX Application Thread] DEBUG LoopRunner           - Starting loop
10:48:09.382 [JavaFX Application Thread] DEBUG LoopRunner           - Initializing JavaFX AnimationTimerLoop
10:48:09.384 [JavaFX Application Thread] DEBUG GameApplicationServi - Starting new game
10:48:09.384 [JavaFX Application Thread] DEBUG Input                - Clearing active input actions
10:48:09.396 [JavaFX Application Thread] DEBUG GameApplicationServi - Removing overlay from FXGLStartupScene and adding to FXGLLoadingScene
10:48:09.396 [JavaFX Application Thread] DEBUG PrimaryStageWindow   - FXGLStartupScene -> FXGLLoadingScene
10:48:09.397 [JavaFX Application Thread] DEBUG GameApplicationServi - Clearing previous game
10:48:09.397 [JavaFX Application Thread] DEBUG GameScene            - Clearing game scene
10:48:09.397 [JavaFX Application Thread] DEBUG GameWorld            - Clearing game world
10:48:09.397 [JavaFX Application Thread] DEBUG PhysicsWorld         - Clearing physics world
10:48:09.399 [FXGL Background Thread 1 ] DEBUG FXGLApplication      - Initializing game
10:48:09.401 [FXGL Background Thread 1 ] DEBUG FXGLAssetLoaderServi - Loading from file system: file:/C:/Users/Koning%20Max/IdeaProjects/IPOSE_CHALLENGE-WEEK/target/classes/assets/textures/dude.png
10:48:09.420 [FXGL Background Thread 1 ] INFO  FXGLApplication      - Game initialization took: 0.021 sec
10:48:09.437 [FXGL Background Thread 4 ] DEBUG FXGLAssetLoaderServi - Loading from file system: jar:file:/C:/Users/Koning%20Max/.m2/repository/com/github/almasb/fxgl/11.14/fxgl-11.14.jar!/fxglassets/ui/fonts/Abel-Regular.ttf
10:48:09.440 [JavaFX Application Thread] DEBUG Input                - Clearing active input actions
10:48:09.443 [FXGL Background Thread 4 ] DEBUG FXGLAssetLoaderServi - Loading from file system: jar:file:/C:/Users/Koning%20Max/.m2/repository/com/github/almasb/fxgl/11.14/fxgl-11.14.jar!/fxglassets/ui/fonts/lucida_console.ttf
10:48:09.451 [JavaFX Application Thread] DEBUG GameApplicationServi - Removing overlay from FXGLLoadingScene and adding to GameScene
10:48:09.451 [FXGL Background Thread 4 ] DEBUG FXGLAssetLoaderServi - Loading from file system: jar:file:/C:/Users/Koning%20Max/.m2/repository/com/github/almasb/fxgl/11.14/fxgl-11.14.jar!/fxglassets/ui/fonts/Courier-Prime.ttf
10:48:09.452 [JavaFX Application Thread] DEBUG PrimaryStageWindow   - FXGLLoadingScene -> GameScene
10:48:09.524 [JavaFX Application Thread] DEBUG FXGLApplication      - Registering font factories with UI factory
10:48:12.315 [FXGL Background Thread 3 ] DEBUG Engine               - Logging environment variables
10:48:12.315 [FXGL Background Thread 3 ] DEBUG Engine               - achievements: []
10:48:12.315 [FXGL Background Thread 3 ] DEBUG Engine               - actualHeight: 800.0
10:48:12.316 [FXGL Background Thread 3 ] DEBUG Engine               - actualHeightProperty: ReadOnlyDoubleProperty [value: 800.0]
10:48:12.316 [FXGL Background Thread 3 ] DEBUG Engine               - actualWidth: 800.0
10:48:12.316 [FXGL Background Thread 3 ] DEBUG Engine               - actualWidthProperty: ReadOnlyDoubleProperty [value: 800.0]
10:48:12.316 [FXGL Background Thread 3 ] DEBUG Engine               - appIcon: fxgl_icon.png
10:48:12.316 [FXGL Background Thread 3 ] DEBUG Engine               - applicationMode: DEVELOPER
10:48:12.316 [FXGL Background Thread 3 ] DEBUG Engine               - cSSList: [fxgl_dark.css]
10:48:12.316 [FXGL Background Thread 3 ] DEBUG Engine               - collisionDetectionStrategy: BRUTE_FORCE
10:48:12.317 [FXGL Background Thread 3 ] DEBUG Engine               - configClass: Optional.empty
10:48:12.317 [FXGL Background Thread 3 ] DEBUG Engine               - credits: []
10:48:12.317 [FXGL Background Thread 3 ] DEBUG Engine               - devBBoxColorProperty: ObjectProperty [value: 0xff0000ff]
10:48:12.317 [FXGL Background Thread 3 ] DEBUG Engine               - devEnableDebugCameraProperty: BooleanProperty [value: false]
10:48:12.318 [FXGL Background Thread 3 ] DEBUG Engine               - devSensorColorProperty: ObjectProperty [value: 0xffff00ff]
10:48:12.318 [FXGL Background Thread 3 ] DEBUG Engine               - devShowBBoxProperty: BooleanProperty [value: false]
10:48:12.318 [FXGL Background Thread 3 ] DEBUG Engine               - devShowPositionProperty: BooleanProperty [value: false]
10:48:12.318 [FXGL Background Thread 3 ] DEBUG Engine               - enabledMenuItems: []
10:48:12.318 [FXGL Background Thread 3 ] DEBUG Engine               - engineServices: [class com.almasb.fxgl.app.services.FXGLAssetLoaderService, class com.almasb.fxgl.app.FXGLApplication$GameApplicationService, class com.almasb.fxgl.app.services.FXGLDialogService, class com.almasb.fxgl.app.services.IOTaskExecutorService, class com.almasb.fxgl.event.EventBusService, class com.almasb.fxgl.io.FileSystemService, class com.almasb.fxgl.localization.LocalizationService, class com.almasb.fxgl.app.services.SystemBundleService, class com.almasb.fxgl.profile.SaveLoadService, class com.almasb.fxgl.ui.FXGLUIFactoryServiceProvider, class com.almasb.fxgl.ui.FXGLDialogFactoryServiceProvider, class com.almasb.fxgl.audio.AudioPlayer, class com.almasb.fxgl.notification.impl.NotificationServiceProvider, class com.almasb.fxgl.achievement.AchievementService, class com.almasb.fxgl.cutscene.CutsceneService, class com.almasb.fxgl.minigames.MiniGameService, class com.almasb.fxgl.net.NetService, class com.almasb.fxgl.app.services.UpdaterService, class com.almasb.fxgl.dev.DevService]
10:48:12.318 [FXGL Background Thread 3 ] DEBUG Engine               - fontGame: Abel-Regular.ttf
10:48:12.318 [FXGL Background Thread 3 ] DEBUG Engine               - fontMono: lucida_console.ttf
10:48:12.319 [FXGL Background Thread 3 ] DEBUG Engine               - fontText: Courier-Prime.ttf
10:48:12.319 [FXGL Background Thread 3 ] DEBUG Engine               - fontUI: VarelaRound-Regular.ttf
10:48:12.319 [FXGL Background Thread 3 ] DEBUG Engine               - fullScreen: BooleanProperty [value: false]
10:48:12.319 [FXGL Background Thread 3 ] DEBUG Engine               - gameDifficulty: MEDIUM
10:48:12.319 [FXGL Background Thread 3 ] DEBUG Engine               - gameDifficultyProperty: ObjectProperty [value: MEDIUM]
10:48:12.319 [FXGL Background Thread 3 ] DEBUG Engine               - globalMusicVolume: 0.5
10:48:12.319 [FXGL Background Thread 3 ] DEBUG Engine               - globalMusicVolumeProperty: DoubleProperty [value: 0.5]
10:48:12.320 [FXGL Background Thread 3 ] DEBUG Engine               - globalSoundVolume: 0.5
10:48:12.320 [FXGL Background Thread 3 ] DEBUG Engine               - globalSoundVolumeProperty: DoubleProperty [value: 0.5]
10:48:12.320 [FXGL Background Thread 3 ] DEBUG Engine               - height: 800
10:48:12.320 [FXGL Background Thread 3 ] DEBUG Engine               - isAndroid: false
10:48:12.320 [FXGL Background Thread 3 ] DEBUG Engine               - isBrowser: false
10:48:12.320 [FXGL Background Thread 3 ] DEBUG Engine               - isClickFeedbackEnabled: false
10:48:12.320 [FXGL Background Thread 3 ] DEBUG Engine               - isCloseConfirmation: false
10:48:12.320 [FXGL Background Thread 3 ] DEBUG Engine               - isDesktop: true
10:48:12.321 [FXGL Background Thread 3 ] DEBUG Engine               - isDeveloperMenuEnabled: false
10:48:12.321 [FXGL Background Thread 3 ] DEBUG Engine               - isEntityPreloadEnabled: true
10:48:12.321 [FXGL Background Thread 3 ] DEBUG Engine               - isExperimental3D: false
10:48:12.321 [FXGL Background Thread 3 ] DEBUG Engine               - isExperimentalNative: false
10:48:12.321 [FXGL Background Thread 3 ] DEBUG Engine               - isExperimentalTiledLargeMap: false
10:48:12.321 [FXGL Background Thread 3 ] DEBUG Engine               - isFileSystemWriteAllowed: true
10:48:12.321 [FXGL Background Thread 3 ] DEBUG Engine               - isFullScreenAllowed: false
10:48:12.321 [FXGL Background Thread 3 ] DEBUG Engine               - isFullScreenFromStart: false
10:48:12.322 [FXGL Background Thread 3 ] DEBUG Engine               - isGameMenuEnabled: true
10:48:12.322 [FXGL Background Thread 3 ] DEBUG Engine               - isIOS: false
10:48:12.322 [FXGL Background Thread 3 ] DEBUG Engine               - isIntroEnabled: false
10:48:12.322 [FXGL Background Thread 3 ] DEBUG Engine               - isLinux: false
10:48:12.322 [FXGL Background Thread 3 ] DEBUG Engine               - isMac: false
10:48:12.322 [FXGL Background Thread 3 ] DEBUG Engine               - isMainMenuEnabled: false
10:48:12.322 [FXGL Background Thread 3 ] DEBUG Engine               - isManualResizeEnabled: false
10:48:12.323 [FXGL Background Thread 3 ] DEBUG Engine               - isMobile: false
10:48:12.323 [FXGL Background Thread 3 ] DEBUG Engine               - isPreserveResizeRatio: false
10:48:12.323 [FXGL Background Thread 3 ] DEBUG Engine               - isProfilingEnabled: false
10:48:12.323 [FXGL Background Thread 3 ] DEBUG Engine               - isScaleAffectedOnResize: true
10:48:12.323 [FXGL Background Thread 3 ] DEBUG Engine               - isSingleStep: false
10:48:12.323 [FXGL Background Thread 3 ] DEBUG Engine               - isUserProfileEnabled: false
10:48:12.323 [FXGL Background Thread 3 ] DEBUG Engine               - isWindows: true
10:48:12.324 [FXGL Background Thread 3 ] DEBUG Engine               - language: ObjectProperty [value: ENGLISH]
10:48:12.324 [FXGL Background Thread 3 ] DEBUG Engine               - menuKey: ESCAPE
10:48:12.324 [FXGL Background Thread 3 ] DEBUG Engine               - notificationViewClass: class com.almasb.fxgl.notification.view.XboxNotificationView
10:48:12.324 [FXGL Background Thread 3 ] DEBUG Engine               - pixelsPerMeter: 50.0
10:48:12.324 [FXGL Background Thread 3 ] DEBUG Engine               - platform: WINDOWS
10:48:12.324 [FXGL Background Thread 3 ] DEBUG Engine               - prefHeightProperty: ReadOnlyDoubleProperty [value: 800.0]
10:48:12.324 [FXGL Background Thread 3 ] DEBUG Engine               - prefWidthProperty: ReadOnlyDoubleProperty [value: 800.0]
10:48:12.324 [FXGL Background Thread 3 ] DEBUG Engine               - profileDir: profiles/
10:48:12.325 [FXGL Background Thread 3 ] DEBUG Engine               - profileName: StringProperty [value: DEFAULT]
10:48:12.325 [FXGL Background Thread 3 ] DEBUG Engine               - randomSeed: -1
10:48:12.325 [FXGL Background Thread 3 ] DEBUG Engine               - runtimeInfo: RuntimeInfo(platform=WINDOWS, version=11.14, build=01.03.2021 16.59)
10:48:12.325 [FXGL Background Thread 3 ] DEBUG Engine               - saveFileExt: sav
10:48:12.325 [FXGL Background Thread 3 ] DEBUG Engine               - scaledHeightProp$fxgl: DoubleProperty [bound, value: 800.0]
10:48:12.325 [FXGL Background Thread 3 ] DEBUG Engine               - scaledWidthProp$fxgl: DoubleProperty [bound, value: 800.0]
10:48:12.325 [FXGL Background Thread 3 ] DEBUG Engine               - sceneFactory: com.almasb.fxgl.app.scene.SceneFactory@779b9cb3
10:48:12.325 [FXGL Background Thread 3 ] DEBUG Engine               - secondsIn24h: 60
10:48:12.326 [FXGL Background Thread 3 ] DEBUG Engine               - soundMenuBack: menu/back.wav
10:48:12.326 [FXGL Background Thread 3 ] DEBUG Engine               - soundMenuPress: menu/press.wav
10:48:12.326 [FXGL Background Thread 3 ] DEBUG Engine               - soundMenuSelect: menu/select.wav
10:48:12.326 [FXGL Background Thread 3 ] DEBUG Engine               - soundNotification: core/notification.wav
10:48:12.326 [FXGL Background Thread 3 ] DEBUG Engine               - stageStyle: DECORATED
10:48:12.326 [FXGL Background Thread 3 ] DEBUG Engine               - supportedLanguages: [ENGLISH, FRENCH, GERMAN, HUNGARIAN, RUSSIAN]
10:48:12.327 [FXGL Background Thread 3 ] DEBUG Engine               - ticksPerSecond: -1
10:48:12.327 [FXGL Background Thread 3 ] DEBUG Engine               - title: its a Fucking Game
10:48:12.327 [FXGL Background Thread 3 ] DEBUG Engine               - urlGithub: https://github.com/AlmasB/FXGL
10:48:12.327 [FXGL Background Thread 3 ] DEBUG Engine               - urlLeaderboard: http://fxgl-top.herokuapp.com/
10:48:12.327 [FXGL Background Thread 3 ] DEBUG Engine               - urlPOM: https://raw.githubusercontent.com/AlmasB/FXGL/release/README.md
10:48:12.327 [FXGL Background Thread 3 ] DEBUG Engine               - userAppClass: class Game
10:48:12.327 [FXGL Background Thread 3 ] DEBUG Engine               - version: 0.69
10:48:12.327 [FXGL Background Thread 3 ] DEBUG Engine               - versionCheckDays: 7
10:48:12.328 [FXGL Background Thread 3 ] DEBUG Engine               - width: 800
10:48:12.328 [FXGL Background Thread 3 ] DEBUG Engine               - Logging services
10:48:12.328 [FXGL Background Thread 3 ] DEBUG Engine               - class com.almasb.fxgl.app.services.FXGLAssetLoaderService
10:48:12.328 [FXGL Background Thread 3 ] DEBUG Engine               - class com.almasb.fxgl.app.FXGLApplication$GameApplicationService
10:48:12.329 [FXGL Background Thread 3 ] DEBUG Engine               - class com.almasb.fxgl.app.services.FXGLDialogService
10:48:12.329 [FXGL Background Thread 3 ] DEBUG Engine               - class com.almasb.fxgl.app.services.IOTaskExecutorService
10:48:12.329 [FXGL Background Thread 3 ] DEBUG Engine               - class com.almasb.fxgl.event.EventBusService
10:48:12.329 [FXGL Background Thread 3 ] DEBUG Engine               - class com.almasb.fxgl.io.FileSystemService
10:48:12.329 [FXGL Background Thread 3 ] DEBUG Engine               - class com.almasb.fxgl.localization.LocalizationService
10:48:12.329 [FXGL Background Thread 3 ] DEBUG Engine               - class com.almasb.fxgl.app.services.SystemBundleService
10:48:12.329 [FXGL Background Thread 3 ] DEBUG Engine               - class com.almasb.fxgl.profile.SaveLoadService
10:48:12.329 [FXGL Background Thread 3 ] DEBUG Engine               - class com.almasb.fxgl.ui.FXGLUIFactoryServiceProvider
10:48:12.329 [FXGL Background Thread 3 ] DEBUG Engine               - class com.almasb.fxgl.ui.FXGLDialogFactoryServiceProvider
10:48:12.330 [FXGL Background Thread 3 ] DEBUG Engine               - class com.almasb.fxgl.audio.AudioPlayer
10:48:12.330 [FXGL Background Thread 3 ] DEBUG Engine               - class com.almasb.fxgl.notification.impl.NotificationServiceProvider
10:48:12.330 [FXGL Background Thread 3 ] DEBUG Engine               - class com.almasb.fxgl.achievement.AchievementService
10:48:12.330 [FXGL Background Thread 3 ] DEBUG Engine               - class com.almasb.fxgl.cutscene.CutsceneService
10:48:12.330 [FXGL Background Thread 3 ] DEBUG Engine               - class com.almasb.fxgl.minigames.MiniGameService
10:48:12.330 [FXGL Background Thread 3 ] DEBUG Engine               - class com.almasb.fxgl.net.NetService
10:48:12.330 [FXGL Background Thread 3 ] DEBUG Engine               - class com.almasb.fxgl.app.services.UpdaterService
10:48:12.331 [FXGL Background Thread 3 ] DEBUG Engine               - class com.almasb.fxgl.dev.DevService
10:48:13.685 [JavaFX Application Thread] DEBUG FXGLApplication      - Exiting FXGL
10:48:13.685 [JavaFX Application Thread] DEBUG LoopRunner           - Stopping loop
10:48:13.685 [JavaFX Application Thread] DEBUG SystemBundleService  - Saving FXGL system data
10:48:13.687 [JavaFX Application Thread] DEBUG FileSystemAccess     - Writing to: C:\Users\Koning Max\IdeaProjects\IPOSE_CHALLENGE-WEEK\system\fxgl.bundle
10:48:13.689 [JavaFX Application Thread] DEBUG Async                - Shutting down background threads
10:48:13.689 [JavaFX Application Thread] DEBUG PrimaryStageWindow   - Closing main window
10:48:13.700 [JavaFX Application Thread] DEBUG Logger               - Closing Logger
