11:21:15.481 [main                     ] DEBUG Logger               - Configured Logger
11:21:15.496 [main                     ] DEBUG GameApplication      - Logging settings
Title: its a Fucking Game
Version: 0.69
Width: 800
Height: 800
Fullscreen: false
Intro: false
Profiling: false
Single step:false
App Mode: DEVELOPER
Menu Key: ESCAPE
Stage Style: DECORATED
Scene Factory: class com.almasb.fxgl.app.scene.SceneFactory

11:21:16.187 [JavaFX Application Thread] DEBUG FXGLApplication      - Initializing FXGL
11:21:16.189 [JavaFX Application Thread] INFO  Engine               - FXGL-11.14 (01.03.2021 16.59) on WINDOWS (J:15.0.2 FX:15)
11:21:16.189 [JavaFX Application Thread] DEBUG Engine               - JRE Vendor Name: Oracle Corporation
11:21:16.189 [JavaFX Application Thread] DEBUG Engine               - Running on OS: Windows 10 version 10.0
11:21:16.190 [JavaFX Application Thread] DEBUG Engine               - Architecture: amd64
11:21:16.190 [JavaFX Application Thread] INFO  Engine               - Source code and latest versions at: https://github.com/AlmasB/FXGL
11:21:16.190 [JavaFX Application Thread] INFO  Engine               -              Join the FXGL chat at: https://gitter.im/AlmasB/FXGL
11:21:16.346 [JavaFX Application Thread] DEBUG PrimaryStageWindow   - Creating a JavaFX scene
11:21:16.410 [JavaFX Application Thread] DEBUG PrimaryStageWindow   - Target settings size: 800.0 x 800.0
11:21:16.411 [JavaFX Application Thread] DEBUG PrimaryStageWindow   - Scaled scene size:    800.0 x 800.0
11:21:16.411 [JavaFX Application Thread] DEBUG PrimaryStageWindow   - Scaled ratio: (1.0, 1.0)
11:21:16.412 [JavaFX Application Thread] DEBUG PrimaryStageWindow   - Set initial scene to FXGLStartupScene
11:21:16.420 [JavaFX Application Thread] DEBUG PrimaryStageWindow   - Opening main window
11:21:16.517 [JavaFX Application Thread] DEBUG PrimaryStageWindow   - Window border size: (16.0, 39.0)
11:21:16.518 [JavaFX Application Thread] DEBUG PrimaryStageWindow   - Scaled size: 800.0 x 800.0
11:21:16.518 [JavaFX Application Thread] DEBUG PrimaryStageWindow   - Scaled ratio: (1.0, 1.0)
11:21:16.518 [JavaFX Application Thread] DEBUG PrimaryStageWindow   - Scene size: 800.0 x 800.0
11:21:16.518 [JavaFX Application Thread] DEBUG PrimaryStageWindow   - Stage size: 816.0 x 839.0
11:21:16.529 [FXGL Background Thread 1 ] DEBUG Engine               - Initializing environment variables
11:21:16.567 [FXGL Background Thread 1 ] DEBUG FXGLAssetLoaderServi - User app class for loading assets: class Game
11:21:16.568 [FXGL Background Thread 1 ] DEBUG GameApplicationServi - Applying CSS: fxgl_dark.css
11:21:16.569 [FXGL Background Thread 1 ] DEBUG FXGLAssetLoaderServi - Loading from file system: jar:file:/C:/Users/Koning%20Max/.m2/repository/com/github/almasb/fxgl/11.14/fxgl-11.14.jar!/fxglassets/ui/css/fxgl_dark.css
11:21:16.615 [FXGL Background Thread 1 ] DEBUG GameApplicationServi - Initializing application scenes
11:21:16.652 [FXGL Background Thread 1 ] DEBUG GameWorld            - Game world initialized
11:21:16.718 [FXGL Background Thread 1 ] DEBUG PhysicsWorld         - Physics world initialized: appHeight=800, physics.ppm=50.0
11:21:16.718 [FXGL Background Thread 1 ] DEBUG PhysicsWorld         - Using strategy: BRUTE_FORCE
11:21:16.722 [FXGL Background Thread 1 ] DEBUG GameScene            - Game scene initialized: 800x800
11:21:16.763 [FXGL Background Thread 1 ] DEBUG FXGLAssetLoaderServi - Loading from file system: jar:file:/C:/Users/Koning%20Max/.m2/repository/com/github/almasb/fxgl/11.14/fxgl-11.14.jar!/fxglassets/textures/particles/trace_horizontal.png
11:21:16.820 [FXGL Background Thread 1 ] DEBUG FXGL.DefaultMenu     - createMenuBodyGameMenu()
11:21:16.840 [FXGL Background Thread 1 ] DEBUG FXGL.DefaultMenu     - createOptionsMenu()
11:21:16.845 [FXGL Background Thread 1 ] DEBUG FXGLAssetLoaderServi - Loading from file system: jar:file:/C:/Users/Koning%20Max/.m2/repository/com/github/almasb/fxgl/11.14/fxgl-11.14.jar!/fxglassets/textures/particles/smoke.png
11:21:16.900 [FXGL Background Thread 1 ] DEBUG GameApplicationServi - Application scenes initialized
11:21:16.912 [FXGL Background Thread 1 ] DEBUG SystemBundleService  - Loading FXGL system data
11:21:16.917 [FXGL Background Thread 1 ] DEBUG FileSystemAccess     - Reading from: C:\Users\Koning Max\IdeaProjects\IPOSE_CHALLENGE-WEEK\system\fxgl.bundle
11:21:16.923 [FXGL Background Thread 1 ] DEBUG SystemBundleService  - Bundle FXGL: {}
11:21:16.923 [FXGL Background Thread 1 ] DEBUG UpdaterService       - Checking for updates
11:21:16.929 [FXGL Background Thread 4 ] DEBUG FXGLApplication      - Loading fonts
11:21:16.929 [FXGL Background Thread 4 ] DEBUG FXGLAssetLoaderServi - Loading from file system: jar:file:/C:/Users/Koning%20Max/.m2/repository/com/github/almasb/fxgl/11.14/fxgl-11.14.jar!/fxglassets/ui/fonts/VarelaRound-Regular.ttf
11:21:16.929 [FXGL Background Thread 1 ] DEBUG FXGLApplication      - Loading default localization
11:21:16.930 [FXGL Background Thread 1 ] DEBUG FXGLAssetLoaderServi - Loading from file system: jar:file:/C:/Users/Koning%20Max/.m2/repository/com/github/almasb/fxgl/11.14/fxgl-11.14.jar!/fxglassets/languages/english.lang
11:21:16.947 [FXGL Background Thread 1 ] INFO  FXGLApplication      - FXGL initialization took: 0.418 sec
11:21:16.959 [JavaFX Application Thread] DEBUG Input                - Registered new binding: action0 - D
11:21:16.960 [JavaFX Application Thread] DEBUG Input                - Registered new binding: action1 - A
11:21:16.961 [JavaFX Application Thread] DEBUG Input                - Registered new binding: action2 - W
11:21:16.961 [JavaFX Application Thread] DEBUG Input                - Registered new binding: action3 - S
11:21:16.962 [JavaFX Application Thread] DEBUG FXGLAssetLoaderServi - Loading from file system: jar:file:/C:/Users/Koning%20Max/.m2/repository/com/github/almasb/fxgl/11.14/fxgl-11.14.jar!/fxglassets/textures/fxgl_icon.png
11:21:16.990 [JavaFX Application Thread] DEBUG FXGLAssetLoaderServi - Loading from file system: jar:file:/C:/Users/Koning%20Max/.m2/repository/com/github/almasb/fxgl/11.14/fxgl-11.14.jar!/fxglassets/ui/cursors/fxgl_default.png
11:21:16.994 [JavaFX Application Thread] DEBUG Input                - Registered new binding: Screenshot - P
11:21:16.995 [JavaFX Application Thread] DEBUG Input                - Registered new binding: System info dump - CTRL+9
11:21:16.995 [JavaFX Application Thread] DEBUG Input                - Registered new binding: Restart - CTRL+R
11:21:16.996 [JavaFX Application Thread] DEBUG Input                - Registered new binding: Toggle Debug Camera - CTRL+C
11:21:17.000 [JavaFX Application Thread] DEBUG LoopRunner           - Starting loop
11:21:17.000 [JavaFX Application Thread] DEBUG LoopRunner           - Initializing JavaFX AnimationTimerLoop
11:21:17.002 [JavaFX Application Thread] DEBUG GameApplicationServi - Starting new game
11:21:17.003 [JavaFX Application Thread] DEBUG Input                - Clearing active input actions
11:21:17.015 [JavaFX Application Thread] DEBUG GameApplicationServi - Removing overlay from FXGLStartupScene and adding to FXGLLoadingScene
11:21:17.016 [JavaFX Application Thread] DEBUG PrimaryStageWindow   - FXGLStartupScene -> FXGLLoadingScene
11:21:17.016 [JavaFX Application Thread] DEBUG GameApplicationServi - Clearing previous game
11:21:17.016 [JavaFX Application Thread] DEBUG GameScene            - Clearing game scene
11:21:17.016 [JavaFX Application Thread] DEBUG GameWorld            - Clearing game world
11:21:17.016 [JavaFX Application Thread] DEBUG PhysicsWorld         - Clearing physics world
11:21:17.019 [FXGL Background Thread 1 ] DEBUG FXGLApplication      - Initializing game
11:21:17.022 [FXGL Background Thread 1 ] DEBUG FXGLAssetLoaderServi - Loading from file system: file:/C:/Users/Koning%20Max/IdeaProjects/IPOSE_CHALLENGE-WEEK/target/classes/assets/textures/dude.png
11:21:17.043 [FXGL Background Thread 1 ] INFO  FXGLApplication      - Game initialization took: 0.024 sec
11:21:17.051 [FXGL Background Thread 4 ] DEBUG FXGLAssetLoaderServi - Loading from file system: jar:file:/C:/Users/Koning%20Max/.m2/repository/com/github/almasb/fxgl/11.14/fxgl-11.14.jar!/fxglassets/ui/fonts/Abel-Regular.ttf
11:21:17.056 [FXGL Background Thread 4 ] DEBUG FXGLAssetLoaderServi - Loading from file system: jar:file:/C:/Users/Koning%20Max/.m2/repository/com/github/almasb/fxgl/11.14/fxgl-11.14.jar!/fxglassets/ui/fonts/lucida_console.ttf
11:21:17.060 [JavaFX Application Thread] DEBUG Input                - Clearing active input actions
11:21:17.064 [FXGL Background Thread 4 ] DEBUG FXGLAssetLoaderServi - Loading from file system: jar:file:/C:/Users/Koning%20Max/.m2/repository/com/github/almasb/fxgl/11.14/fxgl-11.14.jar!/fxglassets/ui/fonts/Courier-Prime.ttf
11:21:17.081 [JavaFX Application Thread] DEBUG GameApplicationServi - Removing overlay from FXGLLoadingScene and adding to GameScene
11:21:17.081 [JavaFX Application Thread] DEBUG PrimaryStageWindow   - FXGLLoadingScene -> GameScene
11:21:17.151 [JavaFX Application Thread] DEBUG FXGLApplication      - Registering font factories with UI factory
11:21:18.521 [JavaFX Application Thread] DEBUG PrimaryStageWindow   - Push state: FXGLDefaultMenu
11:21:18.525 [JavaFX Application Thread] DEBUG Input                - Clearing active input actions
11:21:18.527 [JavaFX Application Thread] DEBUG GameApplicationServi - Removing overlay from GameScene and adding to FXGLDefaultMenu
11:21:18.528 [JavaFX Application Thread] DEBUG PrimaryStageWindow   - GameScene -> FXGLDefaultMenu
11:21:19.928 [FXGL Background Thread 3 ] DEBUG Engine               - Logging environment variables
11:21:19.929 [FXGL Background Thread 3 ] DEBUG Engine               - achievements: []
11:21:19.929 [FXGL Background Thread 3 ] DEBUG Engine               - actualHeight: 800.0
11:21:19.929 [FXGL Background Thread 3 ] DEBUG Engine               - actualHeightProperty: ReadOnlyDoubleProperty [value: 800.0]
11:21:19.929 [FXGL Background Thread 3 ] DEBUG Engine               - actualWidth: 800.0
11:21:19.930 [FXGL Background Thread 3 ] DEBUG Engine               - actualWidthProperty: ReadOnlyDoubleProperty [value: 800.0]
11:21:19.930 [FXGL Background Thread 3 ] DEBUG Engine               - appIcon: fxgl_icon.png
11:21:19.930 [FXGL Background Thread 3 ] DEBUG Engine               - applicationMode: DEVELOPER
11:21:19.930 [FXGL Background Thread 3 ] DEBUG Engine               - cSSList: [fxgl_dark.css]
11:21:19.930 [FXGL Background Thread 3 ] DEBUG Engine               - collisionDetectionStrategy: BRUTE_FORCE
11:21:19.930 [FXGL Background Thread 3 ] DEBUG Engine               - configClass: Optional.empty
11:21:19.930 [FXGL Background Thread 3 ] DEBUG Engine               - credits: []
11:21:19.931 [FXGL Background Thread 3 ] DEBUG Engine               - devBBoxColorProperty: ObjectProperty [value: 0xff0000ff]
11:21:19.931 [FXGL Background Thread 3 ] DEBUG Engine               - devEnableDebugCameraProperty: BooleanProperty [value: false]
11:21:19.931 [FXGL Background Thread 3 ] DEBUG Engine               - devSensorColorProperty: ObjectProperty [value: 0xffff00ff]
11:21:19.931 [FXGL Background Thread 3 ] DEBUG Engine               - devShowBBoxProperty: BooleanProperty [value: false]
11:21:19.932 [FXGL Background Thread 3 ] DEBUG Engine               - devShowPositionProperty: BooleanProperty [value: false]
11:21:19.932 [FXGL Background Thread 3 ] DEBUG Engine               - enabledMenuItems: []
11:21:19.932 [FXGL Background Thread 3 ] DEBUG Engine               - engineServices: [class com.almasb.fxgl.app.services.FXGLAssetLoaderService, class com.almasb.fxgl.app.FXGLApplication$GameApplicationService, class com.almasb.fxgl.app.services.FXGLDialogService, class com.almasb.fxgl.app.services.IOTaskExecutorService, class com.almasb.fxgl.event.EventBusService, class com.almasb.fxgl.io.FileSystemService, class com.almasb.fxgl.localization.LocalizationService, class com.almasb.fxgl.app.services.SystemBundleService, class com.almasb.fxgl.profile.SaveLoadService, class com.almasb.fxgl.ui.FXGLUIFactoryServiceProvider, class com.almasb.fxgl.ui.FXGLDialogFactoryServiceProvider, class com.almasb.fxgl.audio.AudioPlayer, class com.almasb.fxgl.notification.impl.NotificationServiceProvider, class com.almasb.fxgl.achievement.AchievementService, class com.almasb.fxgl.cutscene.CutsceneService, class com.almasb.fxgl.minigames.MiniGameService, class com.almasb.fxgl.net.NetService, class com.almasb.fxgl.app.services.UpdaterService, class com.almasb.fxgl.dev.DevService]
11:21:19.932 [FXGL Background Thread 3 ] DEBUG Engine               - fontGame: Abel-Regular.ttf
11:21:19.932 [FXGL Background Thread 3 ] DEBUG Engine               - fontMono: lucida_console.ttf
11:21:19.932 [FXGL Background Thread 3 ] DEBUG Engine               - fontText: Courier-Prime.ttf
11:21:19.933 [FXGL Background Thread 3 ] DEBUG Engine               - fontUI: VarelaRound-Regular.ttf
11:21:19.933 [FXGL Background Thread 3 ] DEBUG Engine               - fullScreen: BooleanProperty [value: false]
11:21:19.933 [FXGL Background Thread 3 ] DEBUG Engine               - gameDifficulty: MEDIUM
11:21:19.933 [FXGL Background Thread 3 ] DEBUG Engine               - gameDifficultyProperty: ObjectProperty [value: MEDIUM]
11:21:19.933 [FXGL Background Thread 3 ] DEBUG Engine               - globalMusicVolume: 0.5
11:21:19.934 [FXGL Background Thread 3 ] DEBUG Engine               - globalMusicVolumeProperty: DoubleProperty [value: 0.5]
11:21:19.934 [FXGL Background Thread 3 ] DEBUG Engine               - globalSoundVolume: 0.5
11:21:19.934 [FXGL Background Thread 3 ] DEBUG Engine               - globalSoundVolumeProperty: DoubleProperty [value: 0.5]
11:21:19.934 [FXGL Background Thread 3 ] DEBUG Engine               - height: 800
11:21:19.934 [FXGL Background Thread 3 ] DEBUG Engine               - isAndroid: false
11:21:19.934 [FXGL Background Thread 3 ] DEBUG Engine               - isBrowser: false
11:21:19.935 [FXGL Background Thread 3 ] DEBUG Engine               - isClickFeedbackEnabled: false
11:21:19.935 [FXGL Background Thread 3 ] DEBUG Engine               - isCloseConfirmation: false
11:21:19.935 [FXGL Background Thread 3 ] DEBUG Engine               - isDesktop: true
11:21:19.935 [FXGL Background Thread 3 ] DEBUG Engine               - isDeveloperMenuEnabled: false
11:21:19.935 [FXGL Background Thread 3 ] DEBUG Engine               - isEntityPreloadEnabled: true
11:21:19.935 [FXGL Background Thread 3 ] DEBUG Engine               - isExperimental3D: false
11:21:19.936 [FXGL Background Thread 3 ] DEBUG Engine               - isExperimentalNative: false
11:21:19.936 [FXGL Background Thread 3 ] DEBUG Engine               - isExperimentalTiledLargeMap: false
11:21:19.936 [FXGL Background Thread 3 ] DEBUG Engine               - isFileSystemWriteAllowed: true
11:21:19.936 [FXGL Background Thread 3 ] DEBUG Engine               - isFullScreenAllowed: false
11:21:19.936 [FXGL Background Thread 3 ] DEBUG Engine               - isFullScreenFromStart: false
11:21:19.936 [FXGL Background Thread 3 ] DEBUG Engine               - isGameMenuEnabled: true
11:21:19.937 [FXGL Background Thread 3 ] DEBUG Engine               - isIOS: false
11:21:19.937 [FXGL Background Thread 3 ] DEBUG Engine               - isIntroEnabled: false
11:21:19.937 [FXGL Background Thread 3 ] DEBUG Engine               - isLinux: false
11:21:19.937 [FXGL Background Thread 3 ] DEBUG Engine               - isMac: false
11:21:19.937 [FXGL Background Thread 3 ] DEBUG Engine               - isMainMenuEnabled: false
11:21:19.937 [FXGL Background Thread 3 ] DEBUG Engine               - isManualResizeEnabled: false
11:21:19.938 [FXGL Background Thread 3 ] DEBUG Engine               - isMobile: false
11:21:19.938 [FXGL Background Thread 3 ] DEBUG Engine               - isPreserveResizeRatio: false
11:21:19.938 [FXGL Background Thread 3 ] DEBUG Engine               - isProfilingEnabled: false
11:21:19.938 [FXGL Background Thread 3 ] DEBUG Engine               - isScaleAffectedOnResize: true
11:21:19.938 [FXGL Background Thread 3 ] DEBUG Engine               - isSingleStep: false
11:21:19.938 [FXGL Background Thread 3 ] DEBUG Engine               - isUserProfileEnabled: false
11:21:19.939 [FXGL Background Thread 3 ] DEBUG Engine               - isWindows: true
11:21:19.939 [FXGL Background Thread 3 ] DEBUG Engine               - language: ObjectProperty [value: ENGLISH]
11:21:19.939 [FXGL Background Thread 3 ] DEBUG Engine               - menuKey: ESCAPE
11:21:19.939 [FXGL Background Thread 3 ] DEBUG Engine               - notificationViewClass: class com.almasb.fxgl.notification.view.XboxNotificationView
11:21:19.939 [FXGL Background Thread 3 ] DEBUG Engine               - pixelsPerMeter: 50.0
11:21:19.939 [FXGL Background Thread 3 ] DEBUG Engine               - platform: WINDOWS
11:21:19.939 [FXGL Background Thread 3 ] DEBUG Engine               - prefHeightProperty: ReadOnlyDoubleProperty [value: 800.0]
11:21:19.940 [FXGL Background Thread 3 ] DEBUG Engine               - prefWidthProperty: ReadOnlyDoubleProperty [value: 800.0]
11:21:19.940 [FXGL Background Thread 3 ] DEBUG Engine               - profileDir: profiles/
11:21:19.940 [FXGL Background Thread 3 ] DEBUG Engine               - profileName: StringProperty [value: DEFAULT]
11:21:19.940 [FXGL Background Thread 3 ] DEBUG Engine               - randomSeed: -1
11:21:19.940 [FXGL Background Thread 3 ] DEBUG Engine               - runtimeInfo: RuntimeInfo(platform=WINDOWS, version=11.14, build=01.03.2021 16.59)
11:21:19.940 [FXGL Background Thread 3 ] DEBUG Engine               - saveFileExt: sav
11:21:19.940 [FXGL Background Thread 3 ] DEBUG Engine               - scaledHeightProp$fxgl: DoubleProperty [bound, value: 800.0]
11:21:19.940 [FXGL Background Thread 3 ] DEBUG Engine               - scaledWidthProp$fxgl: DoubleProperty [bound, value: 800.0]
11:21:19.941 [FXGL Background Thread 3 ] DEBUG Engine               - sceneFactory: com.almasb.fxgl.app.scene.SceneFactory@779b9cb3
11:21:19.941 [FXGL Background Thread 3 ] DEBUG Engine               - secondsIn24h: 60
11:21:19.941 [FXGL Background Thread 3 ] DEBUG Engine               - soundMenuBack: menu/back.wav
11:21:19.941 [FXGL Background Thread 3 ] DEBUG Engine               - soundMenuPress: menu/press.wav
11:21:19.941 [FXGL Background Thread 3 ] DEBUG Engine               - soundMenuSelect: menu/select.wav
11:21:19.941 [FXGL Background Thread 3 ] DEBUG Engine               - soundNotification: core/notification.wav
11:21:19.941 [FXGL Background Thread 3 ] DEBUG Engine               - stageStyle: DECORATED
11:21:19.941 [FXGL Background Thread 3 ] DEBUG Engine               - supportedLanguages: [ENGLISH, FRENCH, GERMAN, HUNGARIAN, RUSSIAN]
11:21:19.941 [FXGL Background Thread 3 ] DEBUG Engine               - ticksPerSecond: -1
11:21:19.942 [FXGL Background Thread 3 ] DEBUG Engine               - title: its a Fucking Game
11:21:19.942 [FXGL Background Thread 3 ] DEBUG Engine               - urlGithub: https://github.com/AlmasB/FXGL
11:21:19.942 [FXGL Background Thread 3 ] DEBUG Engine               - urlLeaderboard: http://fxgl-top.herokuapp.com/
11:21:19.942 [FXGL Background Thread 3 ] DEBUG Engine               - urlPOM: https://raw.githubusercontent.com/AlmasB/FXGL/release/README.md
11:21:19.942 [FXGL Background Thread 3 ] DEBUG Engine               - userAppClass: class Game
11:21:19.942 [FXGL Background Thread 3 ] DEBUG Engine               - version: 0.69
11:21:19.942 [FXGL Background Thread 3 ] DEBUG Engine               - versionCheckDays: 7
11:21:19.943 [FXGL Background Thread 3 ] DEBUG Engine               - width: 800
11:21:19.943 [FXGL Background Thread 3 ] DEBUG Engine               - Logging services
11:21:19.943 [FXGL Background Thread 3 ] DEBUG Engine               - class com.almasb.fxgl.app.services.FXGLAssetLoaderService
11:21:19.943 [FXGL Background Thread 3 ] DEBUG Engine               - class com.almasb.fxgl.app.FXGLApplication$GameApplicationService
11:21:19.943 [FXGL Background Thread 3 ] DEBUG Engine               - class com.almasb.fxgl.app.services.FXGLDialogService
11:21:19.943 [FXGL Background Thread 3 ] DEBUG Engine               - class com.almasb.fxgl.app.services.IOTaskExecutorService
11:21:19.944 [FXGL Background Thread 3 ] DEBUG Engine               - class com.almasb.fxgl.event.EventBusService
11:21:19.944 [FXGL Background Thread 3 ] DEBUG Engine               - class com.almasb.fxgl.io.FileSystemService
11:21:19.944 [FXGL Background Thread 3 ] DEBUG Engine               - class com.almasb.fxgl.localization.LocalizationService
11:21:19.944 [FXGL Background Thread 3 ] DEBUG Engine               - class com.almasb.fxgl.app.services.SystemBundleService
11:21:19.944 [FXGL Background Thread 3 ] DEBUG Engine               - class com.almasb.fxgl.profile.SaveLoadService
11:21:19.944 [FXGL Background Thread 3 ] DEBUG Engine               - class com.almasb.fxgl.ui.FXGLUIFactoryServiceProvider
11:21:19.944 [FXGL Background Thread 3 ] DEBUG Engine               - class com.almasb.fxgl.ui.FXGLDialogFactoryServiceProvider
11:21:19.944 [FXGL Background Thread 3 ] DEBUG Engine               - class com.almasb.fxgl.audio.AudioPlayer
11:21:19.945 [FXGL Background Thread 3 ] DEBUG Engine               - class com.almasb.fxgl.notification.impl.NotificationServiceProvider
11:21:19.945 [FXGL Background Thread 3 ] DEBUG Engine               - class com.almasb.fxgl.achievement.AchievementService
11:21:19.945 [FXGL Background Thread 3 ] DEBUG Engine               - class com.almasb.fxgl.cutscene.CutsceneService
11:21:19.945 [FXGL Background Thread 3 ] DEBUG Engine               - class com.almasb.fxgl.minigames.MiniGameService
11:21:19.945 [FXGL Background Thread 3 ] DEBUG Engine               - class com.almasb.fxgl.net.NetService
11:21:19.945 [FXGL Background Thread 3 ] DEBUG Engine               - class com.almasb.fxgl.app.services.UpdaterService
11:21:19.946 [FXGL Background Thread 3 ] DEBUG Engine               - class com.almasb.fxgl.dev.DevService
11:21:27.354 [JavaFX Application Thread] DEBUG Menu                 - fireResume()
11:21:27.356 [JavaFX Application Thread] DEBUG PrimaryStageWindow   - Pop state: FXGLDefaultMenu
11:21:27.356 [JavaFX Application Thread] DEBUG Input                - Clearing active input actions
11:21:27.357 [JavaFX Application Thread] DEBUG GameApplicationServi - Removing overlay from FXGLDefaultMenu and adding to GameScene
11:21:27.358 [JavaFX Application Thread] DEBUG PrimaryStageWindow   - GameScene <- FXGLDefaultMenu
11:21:28.353 [JavaFX Application Thread] DEBUG PrimaryStageWindow   - Push state: FXGLDefaultMenu
11:21:28.353 [JavaFX Application Thread] DEBUG Input                - Clearing active input actions
11:21:28.356 [JavaFX Application Thread] DEBUG GameApplicationServi - Removing overlay from GameScene and adding to FXGLDefaultMenu
11:21:28.356 [JavaFX Application Thread] DEBUG PrimaryStageWindow   - GameScene -> FXGLDefaultMenu
11:21:32.979 [JavaFX Application Thread] DEBUG Menu                 - fireResume()
11:21:32.979 [JavaFX Application Thread] DEBUG PrimaryStageWindow   - Pop state: FXGLDefaultMenu
11:21:32.979 [JavaFX Application Thread] DEBUG Input                - Clearing active input actions
11:21:32.980 [JavaFX Application Thread] DEBUG GameApplicationServi - Removing overlay from FXGLDefaultMenu and adding to GameScene
11:21:32.980 [JavaFX Application Thread] DEBUG PrimaryStageWindow   - GameScene <- FXGLDefaultMenu
11:21:33.542 [JavaFX Application Thread] DEBUG PrimaryStageWindow   - Push state: FXGLDefaultMenu
11:21:33.542 [JavaFX Application Thread] DEBUG Input                - Clearing active input actions
11:21:33.544 [JavaFX Application Thread] DEBUG GameApplicationServi - Removing overlay from GameScene and adding to FXGLDefaultMenu
11:21:33.544 [JavaFX Application Thread] DEBUG PrimaryStageWindow   - GameScene -> FXGLDefaultMenu
11:21:34.535 [JavaFX Application Thread] DEBUG PrimaryStageWindow   - Pop state: FXGLDefaultMenu
11:21:34.535 [JavaFX Application Thread] DEBUG Input                - Clearing active input actions
11:21:34.536 [JavaFX Application Thread] DEBUG GameApplicationServi - Removing overlay from FXGLDefaultMenu and adding to GameScene
11:21:34.536 [JavaFX Application Thread] DEBUG PrimaryStageWindow   - GameScene <- FXGLDefaultMenu
11:21:34.842 [JavaFX Application Thread] DEBUG PrimaryStageWindow   - Push state: FXGLDefaultMenu
11:21:34.842 [JavaFX Application Thread] DEBUG Input                - Clearing active input actions
11:21:34.844 [JavaFX Application Thread] DEBUG GameApplicationServi - Removing overlay from GameScene and adding to FXGLDefaultMenu
11:21:34.844 [JavaFX Application Thread] DEBUG PrimaryStageWindow   - GameScene -> FXGLDefaultMenu
11:21:35.280 [JavaFX Application Thread] DEBUG PrimaryStageWindow   - Pop state: FXGLDefaultMenu
11:21:35.281 [JavaFX Application Thread] DEBUG Input                - Clearing active input actions
11:21:35.281 [JavaFX Application Thread] DEBUG GameApplicationServi - Removing overlay from FXGLDefaultMenu and adding to GameScene
11:21:35.281 [JavaFX Application Thread] DEBUG PrimaryStageWindow   - GameScene <- FXGLDefaultMenu
11:21:35.577 [JavaFX Application Thread] DEBUG PrimaryStageWindow   - Push state: FXGLDefaultMenu
11:21:35.578 [JavaFX Application Thread] DEBUG Input                - Clearing active input actions
11:21:35.579 [JavaFX Application Thread] DEBUG GameApplicationServi - Removing overlay from GameScene and adding to FXGLDefaultMenu
11:21:35.579 [JavaFX Application Thread] DEBUG PrimaryStageWindow   - GameScene -> FXGLDefaultMenu
11:21:44.625 [JavaFX Application Thread] DEBUG FXGL.DefaultMenu     - createContentControls()
11:21:48.958 [JavaFX Application Thread] DEBUG PrimaryStageWindow   - Push state: PressAnyKeyState
11:21:48.958 [JavaFX Application Thread] DEBUG Input                - Clearing active input actions
11:21:48.959 [JavaFX Application Thread] DEBUG GameApplicationServi - Removing overlay from FXGLDefaultMenu and adding to PressAnyKeyState
11:21:48.959 [JavaFX Application Thread] DEBUG PrimaryStageWindow   - FXGLDefaultMenu -> PressAnyKeyState
11:21:49.148 [JavaFX Application Thread] DEBUG PrimaryStageWindow   - Pop state: PressAnyKeyState
11:21:49.148 [JavaFX Application Thread] DEBUG Input                - Clearing active input actions
11:21:49.148 [JavaFX Application Thread] DEBUG GameApplicationServi - Removing overlay from PressAnyKeyState and adding to FXGLDefaultMenu
11:21:49.148 [JavaFX Application Thread] DEBUG PrimaryStageWindow   - FXGLDefaultMenu <- PressAnyKeyState
11:21:50.187 [JavaFX Application Thread] DEBUG PrimaryStageWindow   - Push state: PressAnyKeyState
11:21:50.187 [JavaFX Application Thread] DEBUG Input                - Clearing active input actions
11:21:50.188 [JavaFX Application Thread] DEBUG GameApplicationServi - Removing overlay from FXGLDefaultMenu and adding to PressAnyKeyState
11:21:50.188 [JavaFX Application Thread] DEBUG PrimaryStageWindow   - FXGLDefaultMenu -> PressAnyKeyState
11:21:52.470 [JavaFX Application Thread] DEBUG PrimaryStageWindow   - Pop state: PressAnyKeyState
11:21:52.470 [JavaFX Application Thread] DEBUG Input                - Clearing active input actions
11:21:52.470 [JavaFX Application Thread] DEBUG GameApplicationServi - Removing overlay from PressAnyKeyState and adding to FXGLDefaultMenu
11:21:52.470 [JavaFX Application Thread] DEBUG PrimaryStageWindow   - FXGLDefaultMenu <- PressAnyKeyState
11:21:59.362 [JavaFX Application Thread] DEBUG FXGL.DefaultMenu     - createContentVideo()
11:22:01.001 [JavaFX Application Thread] DEBUG FXGL.DefaultMenu     - createContentAudio()
11:22:03.548 [JavaFX Application Thread] DEBUG FXGL.DefaultMenu     - createContentGameplay()
11:22:05.514 [JavaFX Application Thread] DEBUG Menu                 - fireResume()
11:22:05.514 [JavaFX Application Thread] DEBUG PrimaryStageWindow   - Pop state: FXGLDefaultMenu
11:22:05.515 [JavaFX Application Thread] DEBUG Input                - Clearing active input actions
11:22:05.515 [JavaFX Application Thread] DEBUG GameApplicationServi - Removing overlay from FXGLDefaultMenu and adding to GameScene
11:22:05.515 [JavaFX Application Thread] DEBUG PrimaryStageWindow   - GameScene <- FXGLDefaultMenu
11:22:08.770 [JavaFX Application Thread] DEBUG PrimaryStageWindow   - Push state: FXGLDefaultMenu
11:22:08.771 [JavaFX Application Thread] DEBUG Input                - Clearing active input actions
11:22:08.772 [JavaFX Application Thread] DEBUG GameApplicationServi - Removing overlay from GameScene and adding to FXGLDefaultMenu
11:22:08.773 [JavaFX Application Thread] DEBUG PrimaryStageWindow   - GameScene -> FXGLDefaultMenu
11:22:09.534 [JavaFX Application Thread] DEBUG Menu                 - fireExit()
11:22:09.536 [JavaFX Application Thread] DEBUG PrimaryStageWindow   - Push state: DialogSubScene
11:22:09.536 [JavaFX Application Thread] DEBUG Input                - Clearing active input actions
11:22:09.537 [JavaFX Application Thread] DEBUG GameApplicationServi - Removing overlay from FXGLDefaultMenu and adding to DialogSubScene
11:22:09.537 [JavaFX Application Thread] DEBUG PrimaryStageWindow   - FXGLDefaultMenu -> DialogSubScene
11:22:10.277 [JavaFX Application Thread] DEBUG PrimaryStageWindow   - Pop state: DialogSubScene
11:22:10.277 [JavaFX Application Thread] DEBUG Input                - Clearing active input actions
11:22:10.277 [JavaFX Application Thread] DEBUG GameApplicationServi - Removing overlay from DialogSubScene and adding to FXGLDefaultMenu
11:22:10.277 [JavaFX Application Thread] DEBUG PrimaryStageWindow   - FXGLDefaultMenu <- DialogSubScene
11:22:10.277 [JavaFX Application Thread] DEBUG FXGLApplication      - Exiting FXGL
11:22:10.278 [JavaFX Application Thread] DEBUG LoopRunner           - Stopping loop
11:22:10.278 [JavaFX Application Thread] DEBUG SystemBundleService  - Saving FXGL system data
11:22:10.280 [JavaFX Application Thread] DEBUG FileSystemAccess     - Writing to: C:\Users\Koning Max\IdeaProjects\IPOSE_CHALLENGE-WEEK\system\fxgl.bundle
11:22:10.281 [JavaFX Application Thread] DEBUG Async                - Shutting down background threads
11:22:10.281 [JavaFX Application Thread] DEBUG PrimaryStageWindow   - Closing main window
11:22:10.300 [JavaFX Application Thread] DEBUG Logger               - Closing Logger
