10:40:47.450 [main                     ] DEBUG Logger               - Configured Logger
10:40:47.465 [main                     ] DEBUG GameApplication      - Logging settings
Title: its a Fucking Game
Version: 0.69
Width: 800
Height: 800
Fullscreen: false
Intro: false
Profiling: false
Single step:false
App Mode: DEVELOPER
Menu Key: ESCAPE
Stage Style: DECORATED
Scene Factory: class com.almasb.fxgl.app.scene.SceneFactory

10:40:48.187 [JavaFX Application Thread] DEBUG FXGLApplication      - Initializing FXGL
10:40:48.189 [JavaFX Application Thread] INFO  Engine               - FXGL-11.14 (01.03.2021 16.59) on WINDOWS (J:15.0.2 FX:15)
10:40:48.190 [JavaFX Application Thread] DEBUG Engine               - JRE Vendor Name: Oracle Corporation
10:40:48.190 [JavaFX Application Thread] DEBUG Engine               - Running on OS: Windows 10 version 10.0
10:40:48.190 [JavaFX Application Thread] DEBUG Engine               - Architecture: amd64
10:40:48.190 [JavaFX Application Thread] INFO  Engine               - Source code and latest versions at: https://github.com/AlmasB/FXGL
10:40:48.190 [JavaFX Application Thread] INFO  Engine               -              Join the FXGL chat at: https://gitter.im/AlmasB/FXGL
10:40:48.339 [JavaFX Application Thread] DEBUG PrimaryStageWindow   - Creating a JavaFX scene
10:40:48.402 [JavaFX Application Thread] DEBUG PrimaryStageWindow   - Target settings size: 800.0 x 800.0
10:40:48.403 [JavaFX Application Thread] DEBUG PrimaryStageWindow   - Scaled scene size:    800.0 x 800.0
10:40:48.403 [JavaFX Application Thread] DEBUG PrimaryStageWindow   - Scaled ratio: (1.0, 1.0)
10:40:48.404 [JavaFX Application Thread] DEBUG PrimaryStageWindow   - Set initial scene to FXGLStartupScene
10:40:48.413 [JavaFX Application Thread] DEBUG PrimaryStageWindow   - Opening main window
10:40:48.511 [JavaFX Application Thread] DEBUG PrimaryStageWindow   - Window border size: (16.0, 39.0)
10:40:48.511 [JavaFX Application Thread] DEBUG PrimaryStageWindow   - Scaled size: 800.0 x 800.0
10:40:48.512 [JavaFX Application Thread] DEBUG PrimaryStageWindow   - Scaled ratio: (1.0, 1.0)
10:40:48.512 [JavaFX Application Thread] DEBUG PrimaryStageWindow   - Scene size: 800.0 x 800.0
10:40:48.512 [JavaFX Application Thread] DEBUG PrimaryStageWindow   - Stage size: 816.0 x 839.0
10:40:48.521 [FXGL Background Thread 1 ] DEBUG Engine               - Initializing environment variables
10:40:48.559 [FXGL Background Thread 1 ] DEBUG FXGLAssetLoaderServi - User app class for loading assets: class Game
10:40:48.559 [FXGL Background Thread 1 ] DEBUG GameApplicationServi - Applying CSS: fxgl_dark.css
10:40:48.560 [FXGL Background Thread 1 ] DEBUG FXGLAssetLoaderServi - Loading from file system: jar:file:/C:/Users/Koning%20Max/.m2/repository/com/github/almasb/fxgl/11.14/fxgl-11.14.jar!/fxglassets/ui/css/fxgl_dark.css
10:40:48.604 [FXGL Background Thread 1 ] DEBUG GameApplicationServi - Initializing application scenes
10:40:48.639 [FXGL Background Thread 1 ] DEBUG GameWorld            - Game world initialized
10:40:48.704 [FXGL Background Thread 1 ] DEBUG PhysicsWorld         - Physics world initialized: appHeight=800, physics.ppm=50.0
10:40:48.704 [FXGL Background Thread 1 ] DEBUG PhysicsWorld         - Using strategy: BRUTE_FORCE
10:40:48.707 [FXGL Background Thread 1 ] DEBUG GameScene            - Game scene initialized: 800x800
10:40:48.746 [FXGL Background Thread 1 ] DEBUG FXGLAssetLoaderServi - Loading from file system: jar:file:/C:/Users/Koning%20Max/.m2/repository/com/github/almasb/fxgl/11.14/fxgl-11.14.jar!/fxglassets/textures/particles/trace_horizontal.png
10:40:48.801 [FXGL Background Thread 1 ] DEBUG FXGL.DefaultMenu     - createMenuBodyGameMenu()
10:40:48.821 [FXGL Background Thread 1 ] DEBUG FXGL.DefaultMenu     - createOptionsMenu()
10:40:48.827 [FXGL Background Thread 1 ] DEBUG FXGLAssetLoaderServi - Loading from file system: jar:file:/C:/Users/Koning%20Max/.m2/repository/com/github/almasb/fxgl/11.14/fxgl-11.14.jar!/fxglassets/textures/particles/smoke.png
10:40:48.878 [FXGL Background Thread 1 ] DEBUG GameApplicationServi - Application scenes initialized
10:40:48.891 [FXGL Background Thread 1 ] DEBUG SystemBundleService  - Loading FXGL system data
10:40:48.895 [FXGL Background Thread 1 ] DEBUG FileSystemAccess     - Reading from: C:\Users\Koning Max\IdeaProjects\IPOSE_CHALLENGE-WEEK\system\fxgl.bundle
10:40:48.900 [FXGL Background Thread 1 ] DEBUG SystemBundleService  - Bundle FXGL: {}
10:40:48.900 [FXGL Background Thread 1 ] DEBUG UpdaterService       - Checking for updates
10:40:48.905 [FXGL Background Thread 4 ] DEBUG FXGLApplication      - Loading fonts
10:40:48.906 [FXGL Background Thread 4 ] DEBUG FXGLAssetLoaderServi - Loading from file system: jar:file:/C:/Users/Koning%20Max/.m2/repository/com/github/almasb/fxgl/11.14/fxgl-11.14.jar!/fxglassets/ui/fonts/VarelaRound-Regular.ttf
10:40:48.906 [FXGL Background Thread 1 ] DEBUG FXGLApplication      - Loading default localization
10:40:48.907 [FXGL Background Thread 1 ] DEBUG FXGLAssetLoaderServi - Loading from file system: jar:file:/C:/Users/Koning%20Max/.m2/repository/com/github/almasb/fxgl/11.14/fxgl-11.14.jar!/fxglassets/languages/english.lang
10:40:48.926 [FXGL Background Thread 1 ] INFO  FXGLApplication      - FXGL initialization took: 0.405 sec
10:40:48.939 [JavaFX Application Thread] DEBUG Input                - Registered new binding: action0 - D
10:40:48.940 [JavaFX Application Thread] DEBUG Input                - Registered new binding: action1 - A
10:40:48.940 [JavaFX Application Thread] DEBUG Input                - Registered new binding: action2 - W
10:40:48.941 [JavaFX Application Thread] DEBUG Input                - Registered new binding: action3 - S
10:40:48.942 [JavaFX Application Thread] DEBUG FXGLAssetLoaderServi - Loading from file system: jar:file:/C:/Users/Koning%20Max/.m2/repository/com/github/almasb/fxgl/11.14/fxgl-11.14.jar!/fxglassets/textures/fxgl_icon.png
10:40:48.978 [JavaFX Application Thread] DEBUG FXGLAssetLoaderServi - Loading from file system: jar:file:/C:/Users/Koning%20Max/.m2/repository/com/github/almasb/fxgl/11.14/fxgl-11.14.jar!/fxglassets/ui/cursors/fxgl_default.png
10:40:48.981 [JavaFX Application Thread] DEBUG Input                - Registered new binding: Screenshot - P
10:40:48.981 [JavaFX Application Thread] DEBUG Input                - Registered new binding: System info dump - CTRL+9
10:40:48.982 [JavaFX Application Thread] DEBUG Input                - Registered new binding: Restart - CTRL+R
10:40:48.984 [JavaFX Application Thread] DEBUG Input                - Registered new binding: Toggle Debug Camera - CTRL+C
10:40:48.987 [JavaFX Application Thread] DEBUG LoopRunner           - Starting loop
10:40:48.987 [JavaFX Application Thread] DEBUG LoopRunner           - Initializing JavaFX AnimationTimerLoop
10:40:48.990 [JavaFX Application Thread] DEBUG GameApplicationServi - Starting new game
10:40:48.991 [JavaFX Application Thread] DEBUG Input                - Clearing active input actions
10:40:49.005 [JavaFX Application Thread] DEBUG GameApplicationServi - Removing overlay from FXGLStartupScene and adding to FXGLLoadingScene
10:40:49.006 [JavaFX Application Thread] DEBUG PrimaryStageWindow   - FXGLStartupScene -> FXGLLoadingScene
10:40:49.006 [JavaFX Application Thread] DEBUG GameApplicationServi - Clearing previous game
10:40:49.006 [JavaFX Application Thread] DEBUG GameScene            - Clearing game scene
10:40:49.007 [JavaFX Application Thread] DEBUG GameWorld            - Clearing game world
10:40:49.007 [JavaFX Application Thread] DEBUG PhysicsWorld         - Clearing physics world
10:40:49.009 [FXGL Background Thread 1 ] DEBUG FXGLApplication      - Initializing game
10:40:49.013 [FXGL Background Thread 1 ] DEBUG FXGLAssetLoaderServi - Loading from file system: file:/C:/Users/Koning%20Max/IdeaProjects/IPOSE_CHALLENGE-WEEK/target/classes/assets/textures/dude.png
10:40:49.020 [FXGL Background Thread 1 ] INFO  FXGLApplication      - Game initialization took: 0.011 sec
10:40:49.054 [JavaFX Application Thread] DEBUG Input                - Clearing active input actions
10:40:49.066 [JavaFX Application Thread] DEBUG GameApplicationServi - Removing overlay from FXGLLoadingScene and adding to GameScene
10:40:49.067 [JavaFX Application Thread] DEBUG PrimaryStageWindow   - FXGLLoadingScene -> GameScene
10:40:49.130 [FXGL Background Thread 4 ] DEBUG FXGLAssetLoaderServi - Loading from file system: jar:file:/C:/Users/Koning%20Max/.m2/repository/com/github/almasb/fxgl/11.14/fxgl-11.14.jar!/fxglassets/ui/fonts/Abel-Regular.ttf
10:40:49.136 [FXGL Background Thread 4 ] DEBUG FXGLAssetLoaderServi - Loading from file system: jar:file:/C:/Users/Koning%20Max/.m2/repository/com/github/almasb/fxgl/11.14/fxgl-11.14.jar!/fxglassets/ui/fonts/lucida_console.ttf
10:40:49.149 [FXGL Background Thread 4 ] DEBUG FXGLAssetLoaderServi - Loading from file system: jar:file:/C:/Users/Koning%20Max/.m2/repository/com/github/almasb/fxgl/11.14/fxgl-11.14.jar!/fxglassets/ui/fonts/Courier-Prime.ttf
10:40:49.156 [JavaFX Application Thread] DEBUG FXGLApplication      - Registering font factories with UI factory
10:40:51.904 [FXGL Background Thread 3 ] DEBUG Engine               - Logging environment variables
10:40:51.904 [FXGL Background Thread 3 ] DEBUG Engine               - achievements: []
10:40:51.904 [FXGL Background Thread 3 ] DEBUG Engine               - actualHeight: 800.0
10:40:51.905 [FXGL Background Thread 3 ] DEBUG Engine               - actualHeightProperty: ReadOnlyDoubleProperty [value: 800.0]
10:40:51.905 [FXGL Background Thread 3 ] DEBUG Engine               - actualWidth: 800.0
10:40:51.905 [FXGL Background Thread 3 ] DEBUG Engine               - actualWidthProperty: ReadOnlyDoubleProperty [value: 800.0]
10:40:51.905 [FXGL Background Thread 3 ] DEBUG Engine               - appIcon: fxgl_icon.png
10:40:51.905 [FXGL Background Thread 3 ] DEBUG Engine               - applicationMode: DEVELOPER
10:40:51.905 [FXGL Background Thread 3 ] DEBUG Engine               - cSSList: [fxgl_dark.css]
10:40:51.905 [FXGL Background Thread 3 ] DEBUG Engine               - collisionDetectionStrategy: BRUTE_FORCE
10:40:51.906 [FXGL Background Thread 3 ] DEBUG Engine               - configClass: Optional.empty
10:40:51.906 [FXGL Background Thread 3 ] DEBUG Engine               - credits: []
10:40:51.906 [FXGL Background Thread 3 ] DEBUG Engine               - devBBoxColorProperty: ObjectProperty [value: 0xff0000ff]
10:40:51.906 [FXGL Background Thread 3 ] DEBUG Engine               - devEnableDebugCameraProperty: BooleanProperty [value: false]
10:40:51.907 [FXGL Background Thread 3 ] DEBUG Engine               - devSensorColorProperty: ObjectProperty [value: 0xffff00ff]
10:40:51.907 [FXGL Background Thread 3 ] DEBUG Engine               - devShowBBoxProperty: BooleanProperty [value: false]
10:40:51.907 [FXGL Background Thread 3 ] DEBUG Engine               - devShowPositionProperty: BooleanProperty [value: false]
10:40:51.907 [FXGL Background Thread 3 ] DEBUG Engine               - enabledMenuItems: []
10:40:51.907 [FXGL Background Thread 3 ] DEBUG Engine               - engineServices: [class com.almasb.fxgl.app.services.FXGLAssetLoaderService, class com.almasb.fxgl.app.FXGLApplication$GameApplicationService, class com.almasb.fxgl.app.services.FXGLDialogService, class com.almasb.fxgl.app.services.IOTaskExecutorService, class com.almasb.fxgl.event.EventBusService, class com.almasb.fxgl.io.FileSystemService, class com.almasb.fxgl.localization.LocalizationService, class com.almasb.fxgl.app.services.SystemBundleService, class com.almasb.fxgl.profile.SaveLoadService, class com.almasb.fxgl.ui.FXGLUIFactoryServiceProvider, class com.almasb.fxgl.ui.FXGLDialogFactoryServiceProvider, class com.almasb.fxgl.audio.AudioPlayer, class com.almasb.fxgl.notification.impl.NotificationServiceProvider, class com.almasb.fxgl.achievement.AchievementService, class com.almasb.fxgl.cutscene.CutsceneService, class com.almasb.fxgl.minigames.MiniGameService, class com.almasb.fxgl.net.NetService, class com.almasb.fxgl.app.services.UpdaterService, class com.almasb.fxgl.dev.DevService]
10:40:51.907 [FXGL Background Thread 3 ] DEBUG Engine               - fontGame: Abel-Regular.ttf
10:40:51.907 [FXGL Background Thread 3 ] DEBUG Engine               - fontMono: lucida_console.ttf
10:40:51.908 [FXGL Background Thread 3 ] DEBUG Engine               - fontText: Courier-Prime.ttf
10:40:51.908 [FXGL Background Thread 3 ] DEBUG Engine               - fontUI: VarelaRound-Regular.ttf
10:40:51.908 [FXGL Background Thread 3 ] DEBUG Engine               - fullScreen: BooleanProperty [value: false]
10:40:51.908 [FXGL Background Thread 3 ] DEBUG Engine               - gameDifficulty: MEDIUM
10:40:51.908 [FXGL Background Thread 3 ] DEBUG Engine               - gameDifficultyProperty: ObjectProperty [value: MEDIUM]
10:40:51.908 [FXGL Background Thread 3 ] DEBUG Engine               - globalMusicVolume: 0.5
10:40:51.908 [FXGL Background Thread 3 ] DEBUG Engine               - globalMusicVolumeProperty: DoubleProperty [value: 0.5]
10:40:51.909 [FXGL Background Thread 3 ] DEBUG Engine               - globalSoundVolume: 0.5
10:40:51.909 [FXGL Background Thread 3 ] DEBUG Engine               - globalSoundVolumeProperty: DoubleProperty [value: 0.5]
10:40:51.909 [FXGL Background Thread 3 ] DEBUG Engine               - height: 800
10:40:51.909 [FXGL Background Thread 3 ] DEBUG Engine               - isAndroid: false
10:40:51.909 [FXGL Background Thread 3 ] DEBUG Engine               - isBrowser: false
10:40:51.909 [FXGL Background Thread 3 ] DEBUG Engine               - isClickFeedbackEnabled: false
10:40:51.910 [FXGL Background Thread 3 ] DEBUG Engine               - isCloseConfirmation: false
10:40:51.910 [FXGL Background Thread 3 ] DEBUG Engine               - isDesktop: true
10:40:51.910 [FXGL Background Thread 3 ] DEBUG Engine               - isDeveloperMenuEnabled: false
10:40:51.910 [FXGL Background Thread 3 ] DEBUG Engine               - isEntityPreloadEnabled: true
10:40:51.910 [FXGL Background Thread 3 ] DEBUG Engine               - isExperimental3D: false
10:40:51.910 [FXGL Background Thread 3 ] DEBUG Engine               - isExperimentalNative: false
10:40:51.910 [FXGL Background Thread 3 ] DEBUG Engine               - isExperimentalTiledLargeMap: false
10:40:51.910 [FXGL Background Thread 3 ] DEBUG Engine               - isFileSystemWriteAllowed: true
10:40:51.911 [FXGL Background Thread 3 ] DEBUG Engine               - isFullScreenAllowed: false
10:40:51.911 [FXGL Background Thread 3 ] DEBUG Engine               - isFullScreenFromStart: false
10:40:51.911 [FXGL Background Thread 3 ] DEBUG Engine               - isGameMenuEnabled: true
10:40:51.911 [FXGL Background Thread 3 ] DEBUG Engine               - isIOS: false
10:40:51.911 [FXGL Background Thread 3 ] DEBUG Engine               - isIntroEnabled: false
10:40:51.911 [FXGL Background Thread 3 ] DEBUG Engine               - isLinux: false
10:40:51.911 [FXGL Background Thread 3 ] DEBUG Engine               - isMac: false
10:40:51.911 [FXGL Background Thread 3 ] DEBUG Engine               - isMainMenuEnabled: false
10:40:51.912 [FXGL Background Thread 3 ] DEBUG Engine               - isManualResizeEnabled: false
10:40:51.912 [FXGL Background Thread 3 ] DEBUG Engine               - isMobile: false
10:40:51.912 [FXGL Background Thread 3 ] DEBUG Engine               - isPreserveResizeRatio: false
10:40:51.912 [FXGL Background Thread 3 ] DEBUG Engine               - isProfilingEnabled: false
10:40:51.912 [FXGL Background Thread 3 ] DEBUG Engine               - isScaleAffectedOnResize: true
10:40:51.912 [FXGL Background Thread 3 ] DEBUG Engine               - isSingleStep: false
10:40:51.912 [FXGL Background Thread 3 ] DEBUG Engine               - isUserProfileEnabled: false
10:40:51.912 [FXGL Background Thread 3 ] DEBUG Engine               - isWindows: true
10:40:51.912 [FXGL Background Thread 3 ] DEBUG Engine               - language: ObjectProperty [value: ENGLISH]
10:40:51.913 [FXGL Background Thread 3 ] DEBUG Engine               - menuKey: ESCAPE
10:40:51.913 [FXGL Background Thread 3 ] DEBUG Engine               - notificationViewClass: class com.almasb.fxgl.notification.view.XboxNotificationView
10:40:51.913 [FXGL Background Thread 3 ] DEBUG Engine               - pixelsPerMeter: 50.0
10:40:51.913 [FXGL Background Thread 3 ] DEBUG Engine               - platform: WINDOWS
10:40:51.913 [FXGL Background Thread 3 ] DEBUG Engine               - prefHeightProperty: ReadOnlyDoubleProperty [value: 800.0]
10:40:51.913 [FXGL Background Thread 3 ] DEBUG Engine               - prefWidthProperty: ReadOnlyDoubleProperty [value: 800.0]
10:40:51.913 [FXGL Background Thread 3 ] DEBUG Engine               - profileDir: profiles/
10:40:51.913 [FXGL Background Thread 3 ] DEBUG Engine               - profileName: StringProperty [value: DEFAULT]
10:40:51.914 [FXGL Background Thread 3 ] DEBUG Engine               - randomSeed: -1
10:40:51.914 [FXGL Background Thread 3 ] DEBUG Engine               - runtimeInfo: RuntimeInfo(platform=WINDOWS, version=11.14, build=01.03.2021 16.59)
10:40:51.914 [FXGL Background Thread 3 ] DEBUG Engine               - saveFileExt: sav
10:40:51.914 [FXGL Background Thread 3 ] DEBUG Engine               - scaledHeightProp$fxgl: DoubleProperty [bound, value: 800.0]
10:40:51.914 [FXGL Background Thread 3 ] DEBUG Engine               - scaledWidthProp$fxgl: DoubleProperty [bound, value: 800.0]
10:40:51.914 [FXGL Background Thread 3 ] DEBUG Engine               - sceneFactory: com.almasb.fxgl.app.scene.SceneFactory@54b1d93f
10:40:51.914 [FXGL Background Thread 3 ] DEBUG Engine               - secondsIn24h: 60
10:40:51.914 [FXGL Background Thread 3 ] DEBUG Engine               - soundMenuBack: menu/back.wav
10:40:51.914 [FXGL Background Thread 3 ] DEBUG Engine               - soundMenuPress: menu/press.wav
10:40:51.915 [FXGL Background Thread 3 ] DEBUG Engine               - soundMenuSelect: menu/select.wav
10:40:51.915 [FXGL Background Thread 3 ] DEBUG Engine               - soundNotification: core/notification.wav
10:40:51.915 [FXGL Background Thread 3 ] DEBUG Engine               - stageStyle: DECORATED
10:40:51.915 [FXGL Background Thread 3 ] DEBUG Engine               - supportedLanguages: [ENGLISH, FRENCH, GERMAN, HUNGARIAN, RUSSIAN]
10:40:51.915 [FXGL Background Thread 3 ] DEBUG Engine               - ticksPerSecond: -1
10:40:51.915 [FXGL Background Thread 3 ] DEBUG Engine               - title: its a Fucking Game
10:40:51.915 [FXGL Background Thread 3 ] DEBUG Engine               - urlGithub: https://github.com/AlmasB/FXGL
10:40:51.915 [FXGL Background Thread 3 ] DEBUG Engine               - urlLeaderboard: http://fxgl-top.herokuapp.com/
10:40:51.916 [FXGL Background Thread 3 ] DEBUG Engine               - urlPOM: https://raw.githubusercontent.com/AlmasB/FXGL/release/README.md
10:40:51.916 [FXGL Background Thread 3 ] DEBUG Engine               - userAppClass: class Game
10:40:51.916 [FXGL Background Thread 3 ] DEBUG Engine               - version: 0.69
10:40:51.916 [FXGL Background Thread 3 ] DEBUG Engine               - versionCheckDays: 7
10:40:51.916 [FXGL Background Thread 3 ] DEBUG Engine               - width: 800
10:40:51.916 [FXGL Background Thread 3 ] DEBUG Engine               - Logging services
10:40:51.916 [FXGL Background Thread 3 ] DEBUG Engine               - class com.almasb.fxgl.app.services.FXGLAssetLoaderService
10:40:51.916 [FXGL Background Thread 3 ] DEBUG Engine               - class com.almasb.fxgl.app.FXGLApplication$GameApplicationService
10:40:51.917 [FXGL Background Thread 3 ] DEBUG Engine               - class com.almasb.fxgl.app.services.FXGLDialogService
10:40:51.917 [FXGL Background Thread 3 ] DEBUG Engine               - class com.almasb.fxgl.app.services.IOTaskExecutorService
10:40:51.917 [FXGL Background Thread 3 ] DEBUG Engine               - class com.almasb.fxgl.event.EventBusService
10:40:51.917 [FXGL Background Thread 3 ] DEBUG Engine               - class com.almasb.fxgl.io.FileSystemService
10:40:51.917 [FXGL Background Thread 3 ] DEBUG Engine               - class com.almasb.fxgl.localization.LocalizationService
10:40:51.917 [FXGL Background Thread 3 ] DEBUG Engine               - class com.almasb.fxgl.app.services.SystemBundleService
10:40:51.917 [FXGL Background Thread 3 ] DEBUG Engine               - class com.almasb.fxgl.profile.SaveLoadService
10:40:51.917 [FXGL Background Thread 3 ] DEBUG Engine               - class com.almasb.fxgl.ui.FXGLUIFactoryServiceProvider
10:40:51.918 [FXGL Background Thread 3 ] DEBUG Engine               - class com.almasb.fxgl.ui.FXGLDialogFactoryServiceProvider
10:40:51.918 [FXGL Background Thread 3 ] DEBUG Engine               - class com.almasb.fxgl.audio.AudioPlayer
10:40:51.918 [FXGL Background Thread 3 ] DEBUG Engine               - class com.almasb.fxgl.notification.impl.NotificationServiceProvider
10:40:51.918 [FXGL Background Thread 3 ] DEBUG Engine               - class com.almasb.fxgl.achievement.AchievementService
10:40:51.918 [FXGL Background Thread 3 ] DEBUG Engine               - class com.almasb.fxgl.cutscene.CutsceneService
10:40:51.918 [FXGL Background Thread 3 ] DEBUG Engine               - class com.almasb.fxgl.minigames.MiniGameService
10:40:51.918 [FXGL Background Thread 3 ] DEBUG Engine               - class com.almasb.fxgl.net.NetService
10:40:51.918 [FXGL Background Thread 3 ] DEBUG Engine               - class com.almasb.fxgl.app.services.UpdaterService
10:40:51.919 [FXGL Background Thread 3 ] DEBUG Engine               - class com.almasb.fxgl.dev.DevService
10:41:29.954 [JavaFX Application Thread] DEBUG FXGLApplication      - Exiting FXGL
10:41:29.954 [JavaFX Application Thread] DEBUG LoopRunner           - Stopping loop
10:41:29.954 [JavaFX Application Thread] DEBUG SystemBundleService  - Saving FXGL system data
10:41:29.957 [JavaFX Application Thread] DEBUG FileSystemAccess     - Writing to: C:\Users\Koning Max\IdeaProjects\IPOSE_CHALLENGE-WEEK\system\fxgl.bundle
10:41:29.958 [JavaFX Application Thread] DEBUG Async                - Shutting down background threads
10:41:29.959 [JavaFX Application Thread] DEBUG PrimaryStageWindow   - Closing main window
10:41:29.975 [JavaFX Application Thread] DEBUG Logger               - Closing Logger
